{"D:\\Cprograms.c\\resume_analyser\\Ramjith-FrontEnd-SE\\src\\App.js": {"path":"D:\\Cprograms.c\\resume_analyser\\Ramjith-FrontEnd-SE\\src\\App.js","statementMap":{"0":{"start":{"line":8,"column":25},"end":{"line":8,"column":42}},"1":{"start":{"line":9,"column":33},"end":{"line":9,"column":46}},"2":{"start":{"line":12,"column":40},"end":{"line":12,"column":55}},"3":{"start":{"line":13,"column":34},"end":{"line":18,"column":4}},"4":{"start":{"line":20,"column":44},"end":{"line":24,"column":4}},"5":{"start":{"line":27,"column":28},"end":{"line":27,"column":40}},"6":{"start":{"line":28,"column":30},"end":{"line":28,"column":42}},"7":{"start":{"line":31,"column":30},"end":{"line":36,"column":8}},"8":{"start":{"line":32,"column":4},"end":{"line":35,"column":5}},"9":{"start":{"line":33,"column":6},"end":{"line":33,"column":46}},"10":{"start":{"line":34,"column":6},"end":{"line":34,"column":59}},"11":{"start":{"line":39,"column":28},"end":{"line":66,"column":68}},"12":{"start":{"line":40,"column":4},"end":{"line":40,"column":26}},"13":{"start":{"line":42,"column":4},"end":{"line":65,"column":5}},"14":{"start":{"line":43,"column":30},"end":{"line":43,"column":54}},"15":{"start":{"line":44,"column":29},"end":{"line":44,"column":64}},"16":{"start":{"line":46,"column":6},"end":{"line":48,"column":8}},"17":{"start":{"line":50,"column":6},"end":{"line":64,"column":26}},"18":{"start":{"line":51,"column":8},"end":{"line":53,"column":10}},"19":{"start":{"line":54,"column":8},"end":{"line":54,"column":81}},"20":{"start":{"line":57,"column":8},"end":{"line":57,"column":96}},"21":{"start":{"line":58,"column":8},"end":{"line":58,"column":52}},"22":{"start":{"line":59,"column":8},"end":{"line":59,"column":85}},"23":{"start":{"line":61,"column":8},"end":{"line":63,"column":10}},"24":{"start":{"line":69,"column":2},"end":{"line":97,"column":68}},"25":{"start":{"line":70,"column":4},"end":{"line":72,"column":5}},"26":{"start":{"line":71,"column":6},"end":{"line":71,"column":13}},"27":{"start":{"line":74,"column":4},"end":{"line":74,"column":64}},"28":{"start":{"line":76,"column":27},"end":{"line":78,"column":5}},"29":{"start":{"line":77,"column":6},"end":{"line":77,"column":26}},"30":{"start":{"line":81,"column":4},"end":{"line":81,"column":57}},"31":{"start":{"line":82,"column":4},"end":{"line":82,"column":55}},"32":{"start":{"line":83,"column":4},"end":{"line":83,"column":53}},"33":{"start":{"line":84,"column":4},"end":{"line":84,"column":58}},"34":{"start":{"line":87,"column":4},"end":{"line":87,"column":24}},"35":{"start":{"line":89,"column":4},"end":{"line":96,"column":6}},"36":{"start":{"line":90,"column":6},"end":{"line":90,"column":65}},"37":{"start":{"line":91,"column":6},"end":{"line":91,"column":62}},"38":{"start":{"line":92,"column":6},"end":{"line":92,"column":60}},"39":{"start":{"line":93,"column":6},"end":{"line":93,"column":58}},"40":{"start":{"line":94,"column":6},"end":{"line":94,"column":63}},"41":{"start":{"line":95,"column":6},"end":{"line":95,"column":28}},"42":{"start":{"line":99,"column":2},"end":{"line":120,"column":9}},"43":{"start":{"line":100,"column":22},"end":{"line":100,"column":62}},"44":{"start":{"line":101,"column":4},"end":{"line":119,"column":5}},"45":{"start":{"line":102,"column":6},"end":{"line":116,"column":7}},"46":{"start":{"line":103,"column":27},"end":{"line":103,"column":48}},"47":{"start":{"line":104,"column":8},"end":{"line":104,"column":100}},"48":{"start":{"line":105,"column":8},"end":{"line":107,"column":10}},"49":{"start":{"line":110,"column":8},"end":{"line":110,"column":32}},"50":{"start":{"line":112,"column":8},"end":{"line":112,"column":83}},"51":{"start":{"line":112,"column":36},"end":{"line":112,"column":80}},"52":{"start":{"line":114,"column":8},"end":{"line":114,"column":69}},"53":{"start":{"line":115,"column":8},"end":{"line":115,"column":52}},"54":{"start":{"line":118,"column":6},"end":{"line":118,"column":78}},"55":{"start":{"line":123,"column":22},"end":{"line":137,"column":8}},"56":{"start":{"line":124,"column":24},"end":{"line":124,"column":86}},"57":{"start":{"line":125,"column":4},"end":{"line":125,"column":29}},"58":{"start":{"line":126,"column":4},"end":{"line":126,"column":74}},"59":{"start":{"line":127,"column":4},"end":{"line":127,"column":45}},"60":{"start":{"line":129,"column":4},"end":{"line":129,"column":56}},"61":{"start":{"line":130,"column":4},"end":{"line":132,"column":6}},"62":{"start":{"line":133,"column":4},"end":{"line":133,"column":94}},"63":{"start":{"line":136,"column":4},"end":{"line":136,"column":64}},"64":{"start":{"line":136,"column":32},"end":{"line":136,"column":61}},"65":{"start":{"line":140,"column":23},"end":{"line":159,"column":27}},"66":{"start":{"line":141,"column":23},"end":{"line":141,"column":54}},"67":{"start":{"line":142,"column":28},"end":{"line":144,"column":9}},"68":{"start":{"line":145,"column":27},"end":{"line":145,"column":62}},"69":{"start":{"line":147,"column":4},"end":{"line":147,"column":54}},"70":{"start":{"line":148,"column":4},"end":{"line":148,"column":77}},"71":{"start":{"line":149,"column":4},"end":{"line":149,"column":59}},"72":{"start":{"line":151,"column":4},"end":{"line":151,"column":92}},"73":{"start":{"line":152,"column":4},"end":{"line":152,"column":48}},"74":{"start":{"line":153,"column":4},"end":{"line":153,"column":81}},"75":{"start":{"line":155,"column":4},"end":{"line":155,"column":26}},"76":{"start":{"line":156,"column":4},"end":{"line":156,"column":39}},"77":{"start":{"line":158,"column":4},"end":{"line":158,"column":95}},"78":{"start":{"line":162,"column":33},"end":{"line":165,"column":8}},"79":{"start":{"line":163,"column":4},"end":{"line":163,"column":27}},"80":{"start":{"line":164,"column":4},"end":{"line":164,"column":71}},"81":{"start":{"line":167,"column":2},"end":{"line":247,"column":4}},"82":{"start":{"line":211,"column":27},"end":{"line":211,"column":55}},"83":{"start":{"line":216,"column":27},"end":{"line":216,"column":48}}},"fnMap":{"0":{"name":"App","decl":{"start":{"line":11,"column":24},"end":{"line":11,"column":27}},"loc":{"start":{"line":11,"column":30},"end":{"line":248,"column":1}},"line":11},"1":{"name":"(anonymous_1)","decl":{"start":{"line":31,"column":42},"end":{"line":31,"column":43}},"loc":{"start":{"line":31,"column":48},"end":{"line":36,"column":3}},"line":31},"2":{"name":"(anonymous_2)","decl":{"start":{"line":39,"column":40},"end":{"line":39,"column":41}},"loc":{"start":{"line":39,"column":46},"end":{"line":66,"column":3}},"line":39},"3":{"name":"(anonymous_3)","decl":{"start":{"line":50,"column":45},"end":{"line":50,"column":46}},"loc":{"start":{"line":50,"column":51},"end":{"line":64,"column":7}},"line":50},"4":{"name":"(anonymous_4)","decl":{"start":{"line":69,"column":12},"end":{"line":69,"column":13}},"loc":{"start":{"line":69,"column":18},"end":{"line":97,"column":3}},"line":69},"5":{"name":"(anonymous_5)","decl":{"start":{"line":76,"column":27},"end":{"line":76,"column":28}},"loc":{"start":{"line":76,"column":33},"end":{"line":78,"column":5}},"line":76},"6":{"name":"(anonymous_6)","decl":{"start":{"line":89,"column":11},"end":{"line":89,"column":12}},"loc":{"start":{"line":89,"column":17},"end":{"line":96,"column":5}},"line":89},"7":{"name":"(anonymous_7)","decl":{"start":{"line":99,"column":12},"end":{"line":99,"column":13}},"loc":{"start":{"line":99,"column":18},"end":{"line":120,"column":3}},"line":99},"8":{"name":"(anonymous_8)","decl":{"start":{"line":112,"column":25},"end":{"line":112,"column":26}},"loc":{"start":{"line":112,"column":36},"end":{"line":112,"column":80}},"line":112},"9":{"name":"(anonymous_9)","decl":{"start":{"line":123,"column":34},"end":{"line":123,"column":35}},"loc":{"start":{"line":123,"column":73},"end":{"line":137,"column":3}},"line":123},"10":{"name":"(anonymous_10)","decl":{"start":{"line":136,"column":21},"end":{"line":136,"column":22}},"loc":{"start":{"line":136,"column":32},"end":{"line":136,"column":61}},"line":136},"11":{"name":"(anonymous_11)","decl":{"start":{"line":140,"column":35},"end":{"line":140,"column":36}},"loc":{"start":{"line":140,"column":41},"end":{"line":159,"column":3}},"line":140},"12":{"name":"(anonymous_12)","decl":{"start":{"line":162,"column":45},"end":{"line":162,"column":46}},"loc":{"start":{"line":162,"column":55},"end":{"line":165,"column":3}},"line":162},"13":{"name":"(anonymous_13)","decl":{"start":{"line":211,"column":21},"end":{"line":211,"column":22}},"loc":{"start":{"line":211,"column":27},"end":{"line":211,"column":55}},"line":211},"14":{"name":"(anonymous_14)","decl":{"start":{"line":216,"column":21},"end":{"line":216,"column":22}},"loc":{"start":{"line":216,"column":27},"end":{"line":216,"column":48}},"line":216}},"branchMap":{"0":{"loc":{"start":{"line":32,"column":4},"end":{"line":35,"column":5}},"type":"if","locations":[{"start":{"line":32,"column":4},"end":{"line":35,"column":5}},{"start":{},"end":{}}],"line":32},"1":{"loc":{"start":{"line":42,"column":4},"end":{"line":65,"column":5}},"type":"if","locations":[{"start":{"line":42,"column":4},"end":{"line":65,"column":5}},{"start":{},"end":{}}],"line":42},"2":{"loc":{"start":{"line":70,"column":4},"end":{"line":72,"column":5}},"type":"if","locations":[{"start":{"line":70,"column":4},"end":{"line":72,"column":5}},{"start":{},"end":{}}],"line":70},"3":{"loc":{"start":{"line":101,"column":4},"end":{"line":119,"column":5}},"type":"if","locations":[{"start":{"line":101,"column":4},"end":{"line":119,"column":5}},{"start":{"line":117,"column":11},"end":{"line":119,"column":5}}],"line":101},"4":{"loc":{"start":{"line":142,"column":28},"end":{"line":144,"column":9}},"type":"cond-expr","locations":[{"start":{"line":143,"column":8},"end":{"line":143,"column":48}},{"start":{"line":144,"column":8},"end":{"line":144,"column":9}}],"line":142},"5":{"loc":{"start":{"line":177,"column":11},"end":{"line":188,"column":11}},"type":"binary-expr","locations":[{"start":{"line":177,"column":11},"end":{"line":177,"column":30}},{"start":{"line":178,"column":12},"end":{"line":187,"column":18}}],"line":177},"6":{"loc":{"start":{"line":181,"column":19},"end":{"line":181,"column":58}},"type":"binary-expr","locations":[{"start":{"line":181,"column":19},"end":{"line":181,"column":36}},{"start":{"line":181,"column":40},"end":{"line":181,"column":58}}],"line":181},"7":{"loc":{"start":{"line":194,"column":9},"end":{"line":203,"column":9}},"type":"cond-expr","locations":[{"start":{"line":195,"column":10},"end":{"line":200,"column":12}},{"start":{"line":202,"column":10},"end":{"line":202,"column":40}}],"line":194},"8":{"loc":{"start":{"line":206,"column":7},"end":{"line":221,"column":7}},"type":"binary-expr","locations":[{"start":{"line":206,"column":7},"end":{"line":206,"column":26}},{"start":{"line":207,"column":8},"end":{"line":220,"column":11}}],"line":206},"9":{"loc":{"start":{"line":209,"column":30},"end":{"line":209,"column":61}},"type":"cond-expr","locations":[{"start":{"line":209,"column":44},"end":{"line":209,"column":56}},{"start":{"line":209,"column":59},"end":{"line":209,"column":61}}],"line":209},"10":{"loc":{"start":{"line":213,"column":13},"end":{"line":213,"column":37}},"type":"cond-expr","locations":[{"start":{"line":213,"column":27},"end":{"line":213,"column":30}},{"start":{"line":213,"column":33},"end":{"line":213,"column":37}}],"line":213}},"s":{"0":2,"1":2,"2":26,"3":24,"4":24,"5":24,"6":24,"7":24,"8":24,"9":12,"10":12,"11":24,"12":12,"13":12,"14":12,"15":12,"16":12,"17":12,"18":0,"19":0,"20":0,"21":0,"22":0,"23":0,"24":24,"25":24,"26":12,"27":12,"28":12,"29":0,"30":12,"31":12,"32":12,"33":12,"34":12,"35":12,"36":12,"37":12,"38":12,"39":12,"40":12,"41":12,"42":24,"43":12,"44":12,"45":12,"46":12,"47":12,"48":12,"49":12,"50":12,"51":12,"52":0,"53":0,"54":0,"55":24,"56":0,"57":0,"58":0,"59":0,"60":0,"61":0,"62":0,"63":0,"64":0,"65":24,"66":0,"67":0,"68":0,"69":0,"70":0,"71":0,"72":0,"73":0,"74":0,"75":0,"76":0,"77":0,"78":24,"79":0,"80":0,"81":24,"82":0,"83":0},"f":{"0":26,"1":24,"2":12,"3":0,"4":24,"5":0,"6":12,"7":12,"8":12,"9":0,"10":0,"11":0,"12":0,"13":0,"14":0},"b":{"0":[12,12],"1":[12,0],"2":[12,12],"3":[12,0],"4":[0,0],"5":[24,12],"6":[12,12],"7":[12,12],"8":[24,12],"9":[0,12],"10":[0,12]},"_coverageSchema":"1a1c01bbd47fc00a2c39e90264f33305004495a9","hash":"668833d68ef20c6498dc2ceaafd6326021f59845"}
,"D:\\Cprograms.c\\resume_analyser\\Ramjith-FrontEnd-SE\\src\\Auth.js": {"path":"D:\\Cprograms.c\\resume_analyser\\Ramjith-FrontEnd-SE\\src\\Auth.js","statementMap":{"0":{"start":{"line":6,"column":2},"end":{"line":6,"column":116}},"1":{"start":{"line":9,"column":32},"end":{"line":9,"column":46}},"2":{"start":{"line":10,"column":28},"end":{"line":10,"column":40}},"3":{"start":{"line":11,"column":34},"end":{"line":11,"column":46}},"4":{"start":{"line":14,"column":34},"end":{"line":14,"column":46}},"5":{"start":{"line":15,"column":40},"end":{"line":15,"column":52}},"6":{"start":{"line":17,"column":32},"end":{"line":17,"column":47}},"7":{"start":{"line":18,"column":28},"end":{"line":18,"column":42}},"8":{"start":{"line":21,"column":17},"end":{"line":28,"column":8}},"9":{"start":{"line":22,"column":20},"end":{"line":22,"column":37}},"10":{"start":{"line":23,"column":17},"end":{"line":23,"column":40}},"11":{"start":{"line":25,"column":23},"end":{"line":25,"column":66}},"12":{"start":{"line":26,"column":22},"end":{"line":26,"column":60}},"13":{"start":{"line":27,"column":4},"end":{"line":27,"column":74}},"14":{"start":{"line":27,"column":32},"end":{"line":27,"column":63}},"15":{"start":{"line":30,"column":24},"end":{"line":32,"column":3}},"16":{"start":{"line":31,"column":4},"end":{"line":31,"column":37}},"17":{"start":{"line":34,"column":30},"end":{"line":37,"column":3}},"18":{"start":{"line":36,"column":4},"end":{"line":36,"column":30}},"19":{"start":{"line":39,"column":27},"end":{"line":42,"column":3}},"20":{"start":{"line":41,"column":4},"end":{"line":41,"column":36}},"21":{"start":{"line":44,"column":23},"end":{"line":160,"column":3}},"22":{"start":{"line":45,"column":4},"end":{"line":45,"column":23}},"23":{"start":{"line":46,"column":4},"end":{"line":46,"column":19}},"24":{"start":{"line":48,"column":26},"end":{"line":48,"column":43}},"25":{"start":{"line":49,"column":21},"end":{"line":49,"column":51}},"26":{"start":{"line":50,"column":4},"end":{"line":50,"column":89}},"27":{"start":{"line":52,"column":28},"end":{"line":52,"column":62}},"28":{"start":{"line":53,"column":4},"end":{"line":53,"column":66}},"29":{"start":{"line":56,"column":4},"end":{"line":60,"column":5}},"30":{"start":{"line":57,"column":6},"end":{"line":57,"column":94}},"31":{"start":{"line":58,"column":6},"end":{"line":58,"column":54}},"32":{"start":{"line":59,"column":6},"end":{"line":59,"column":13}},"33":{"start":{"line":61,"column":4},"end":{"line":65,"column":5}},"34":{"start":{"line":62,"column":6},"end":{"line":62,"column":68}},"35":{"start":{"line":63,"column":6},"end":{"line":63,"column":43}},"36":{"start":{"line":64,"column":6},"end":{"line":64,"column":13}},"37":{"start":{"line":67,"column":4},"end":{"line":83,"column":5}},"38":{"start":{"line":69,"column":6},"end":{"line":73,"column":7}},"39":{"start":{"line":70,"column":8},"end":{"line":70,"column":87}},"40":{"start":{"line":71,"column":8},"end":{"line":71,"column":65}},"41":{"start":{"line":72,"column":8},"end":{"line":72,"column":15}},"42":{"start":{"line":74,"column":6},"end":{"line":78,"column":7}},"43":{"start":{"line":75,"column":8},"end":{"line":75,"column":92}},"44":{"start":{"line":76,"column":8},"end":{"line":76,"column":77}},"45":{"start":{"line":77,"column":8},"end":{"line":77,"column":15}},"46":{"start":{"line":79,"column":6},"end":{"line":79,"column":77}},"47":{"start":{"line":80,"column":6},"end":{"line":80,"column":78}},"48":{"start":{"line":82,"column":6},"end":{"line":82,"column":70}},"49":{"start":{"line":86,"column":4},"end":{"line":86,"column":21}},"50":{"start":{"line":87,"column":4},"end":{"line":159,"column":5}},"51":{"start":{"line":89,"column":28},"end":{"line":89,"column":45}},"52":{"start":{"line":90,"column":6},"end":{"line":90,"column":60}},"53":{"start":{"line":92,"column":27},"end":{"line":92,"column":49}},"54":{"start":{"line":94,"column":23},"end":{"line":94,"column":56}},"55":{"start":{"line":95,"column":6},"end":{"line":95,"column":74}},"56":{"start":{"line":96,"column":6},"end":{"line":96,"column":99}},"57":{"start":{"line":98,"column":19},"end":{"line":98,"column":80}},"58":{"start":{"line":99,"column":19},"end":{"line":102,"column":7}},"59":{"start":{"line":104,"column":6},"end":{"line":108,"column":7}},"60":{"start":{"line":106,"column":8},"end":{"line":106,"column":40}},"61":{"start":{"line":107,"column":8},"end":{"line":107,"column":46}},"62":{"start":{"line":112,"column":6},"end":{"line":114,"column":18}},"63":{"start":{"line":113,"column":22},"end":{"line":113,"column":64}},"64":{"start":{"line":116,"column":6},"end":{"line":116,"column":69}},"65":{"start":{"line":117,"column":6},"end":{"line":119,"column":8}},"66":{"start":{"line":121,"column":27},"end":{"line":121,"column":44}},"67":{"start":{"line":122,"column":19},"end":{"line":122,"column":38}},"68":{"start":{"line":124,"column":30},"end":{"line":124,"column":62}},"69":{"start":{"line":125,"column":6},"end":{"line":125,"column":89}},"70":{"start":{"line":126,"column":6},"end":{"line":126,"column":63}},"71":{"start":{"line":128,"column":21},"end":{"line":128,"column":38}},"72":{"start":{"line":129,"column":6},"end":{"line":129,"column":54}},"73":{"start":{"line":131,"column":6},"end":{"line":148,"column":7}},"74":{"start":{"line":133,"column":26},"end":{"line":133,"column":59}},"75":{"start":{"line":134,"column":8},"end":{"line":134,"column":56}},"76":{"start":{"line":135,"column":8},"end":{"line":135,"column":84}},"77":{"start":{"line":136,"column":8},"end":{"line":136,"column":72}},"78":{"start":{"line":138,"column":8},"end":{"line":143,"column":11}},"79":{"start":{"line":146,"column":8},"end":{"line":146,"column":70}},"80":{"start":{"line":147,"column":8},"end":{"line":147,"column":98}},"81":{"start":{"line":151,"column":24},"end":{"line":151,"column":57}},"82":{"start":{"line":152,"column":6},"end":{"line":152,"column":89}},"83":{"start":{"line":153,"column":6},"end":{"line":153,"column":68}},"84":{"start":{"line":154,"column":6},"end":{"line":154,"column":88}},"85":{"start":{"line":156,"column":6},"end":{"line":156,"column":24}},"86":{"start":{"line":157,"column":24},"end":{"line":157,"column":57}},"87":{"start":{"line":158,"column":6},"end":{"line":158,"column":99}},"88":{"start":{"line":162,"column":23},"end":{"line":174,"column":3}},"89":{"start":{"line":163,"column":20},"end":{"line":163,"column":51}},"90":{"start":{"line":164,"column":4},"end":{"line":164,"column":97}},"91":{"start":{"line":166,"column":4},"end":{"line":166,"column":25}},"92":{"start":{"line":167,"column":4},"end":{"line":167,"column":19}},"93":{"start":{"line":168,"column":4},"end":{"line":168,"column":17}},"94":{"start":{"line":169,"column":4},"end":{"line":169,"column":20}},"95":{"start":{"line":170,"column":4},"end":{"line":170,"column":23}},"96":{"start":{"line":171,"column":4},"end":{"line":171,"column":20}},"97":{"start":{"line":173,"column":4},"end":{"line":173,"column":59}},"98":{"start":{"line":176,"column":2},"end":{"line":258,"column":4}},"99":{"start":{"line":190,"column":31},"end":{"line":190,"column":58}},"100":{"start":{"line":202,"column":29},"end":{"line":202,"column":53}},"101":{"start":{"line":213,"column":31},"end":{"line":213,"column":61}},"102":{"start":{"line":225,"column":29},"end":{"line":225,"column":56}}},"fnMap":{"0":{"name":"Auth","decl":{"start":{"line":8,"column":24},"end":{"line":8,"column":28}},"loc":{"start":{"line":8,"column":42},"end":{"line":259,"column":1}},"line":8},"1":{"name":"(anonymous_1)","decl":{"start":{"line":21,"column":29},"end":{"line":21,"column":30}},"loc":{"start":{"line":21,"column":48},"end":{"line":28,"column":3}},"line":21},"2":{"name":"(anonymous_2)","decl":{"start":{"line":27,"column":25},"end":{"line":27,"column":26}},"loc":{"start":{"line":27,"column":32},"end":{"line":27,"column":63}},"line":27},"3":{"name":"(anonymous_3)","decl":{"start":{"line":30,"column":24},"end":{"line":30,"column":25}},"loc":{"start":{"line":30,"column":35},"end":{"line":32,"column":3}},"line":30},"4":{"name":"(anonymous_4)","decl":{"start":{"line":34,"column":30},"end":{"line":34,"column":31}},"loc":{"start":{"line":34,"column":41},"end":{"line":37,"column":3}},"line":34},"5":{"name":"(anonymous_5)","decl":{"start":{"line":39,"column":27},"end":{"line":39,"column":28}},"loc":{"start":{"line":39,"column":38},"end":{"line":42,"column":3}},"line":39},"6":{"name":"(anonymous_6)","decl":{"start":{"line":44,"column":23},"end":{"line":44,"column":24}},"loc":{"start":{"line":44,"column":36},"end":{"line":160,"column":3}},"line":44},"7":{"name":"(anonymous_7)","decl":{"start":{"line":113,"column":13},"end":{"line":113,"column":14}},"loc":{"start":{"line":113,"column":22},"end":{"line":113,"column":64}},"line":113},"8":{"name":"(anonymous_8)","decl":{"start":{"line":162,"column":23},"end":{"line":162,"column":24}},"loc":{"start":{"line":162,"column":29},"end":{"line":174,"column":3}},"line":162},"9":{"name":"(anonymous_9)","decl":{"start":{"line":190,"column":24},"end":{"line":190,"column":25}},"loc":{"start":{"line":190,"column":31},"end":{"line":190,"column":58}},"line":190},"10":{"name":"(anonymous_10)","decl":{"start":{"line":202,"column":22},"end":{"line":202,"column":23}},"loc":{"start":{"line":202,"column":29},"end":{"line":202,"column":53}},"line":202},"11":{"name":"(anonymous_11)","decl":{"start":{"line":213,"column":24},"end":{"line":213,"column":25}},"loc":{"start":{"line":213,"column":31},"end":{"line":213,"column":61}},"line":213},"12":{"name":"(anonymous_12)","decl":{"start":{"line":225,"column":22},"end":{"line":225,"column":23}},"loc":{"start":{"line":225,"column":29},"end":{"line":225,"column":56}},"line":225}},"branchMap":{"0":{"loc":{"start":{"line":49,"column":21},"end":{"line":49,"column":51}},"type":"cond-expr","locations":[{"start":{"line":49,"column":31},"end":{"line":49,"column":38}},{"start":{"line":49,"column":41},"end":{"line":49,"column":51}}],"line":49},"1":{"loc":{"start":{"line":52,"column":29},"end":{"line":52,"column":40}},"type":"binary-expr","locations":[{"start":{"line":52,"column":29},"end":{"line":52,"column":34}},{"start":{"line":52,"column":38},"end":{"line":52,"column":40}}],"line":52},"2":{"loc":{"start":{"line":56,"column":4},"end":{"line":60,"column":5}},"type":"if","locations":[{"start":{"line":56,"column":4},"end":{"line":60,"column":5}},{"start":{},"end":{}}],"line":56},"3":{"loc":{"start":{"line":61,"column":4},"end":{"line":65,"column":5}},"type":"if","locations":[{"start":{"line":61,"column":4},"end":{"line":65,"column":5}},{"start":{},"end":{}}],"line":61},"4":{"loc":{"start":{"line":67,"column":4},"end":{"line":83,"column":5}},"type":"if","locations":[{"start":{"line":67,"column":4},"end":{"line":83,"column":5}},{"start":{"line":81,"column":11},"end":{"line":83,"column":5}}],"line":67},"5":{"loc":{"start":{"line":69,"column":6},"end":{"line":73,"column":7}},"type":"if","locations":[{"start":{"line":69,"column":6},"end":{"line":73,"column":7}},{"start":{},"end":{}}],"line":69},"6":{"loc":{"start":{"line":74,"column":6},"end":{"line":78,"column":7}},"type":"if","locations":[{"start":{"line":74,"column":6},"end":{"line":78,"column":7}},{"start":{},"end":{}}],"line":74},"7":{"loc":{"start":{"line":98,"column":48},"end":{"line":98,"column":78}},"type":"cond-expr","locations":[{"start":{"line":98,"column":58},"end":{"line":98,"column":65}},{"start":{"line":98,"column":68},"end":{"line":98,"column":78}}],"line":98},"8":{"loc":{"start":{"line":104,"column":6},"end":{"line":108,"column":7}},"type":"if","locations":[{"start":{"line":104,"column":6},"end":{"line":108,"column":7}},{"start":{},"end":{}}],"line":104},"9":{"loc":{"start":{"line":118,"column":61},"end":{"line":118,"column":91}},"type":"cond-expr","locations":[{"start":{"line":118,"column":71},"end":{"line":118,"column":78}},{"start":{"line":118,"column":81},"end":{"line":118,"column":91}}],"line":118},"10":{"loc":{"start":{"line":131,"column":6},"end":{"line":148,"column":7}},"type":"if","locations":[{"start":{"line":131,"column":6},"end":{"line":148,"column":7}},{"start":{"line":144,"column":13},"end":{"line":148,"column":7}}],"line":131},"11":{"loc":{"start":{"line":141,"column":20},"end":{"line":141,"column":66}},"type":"cond-expr","locations":[{"start":{"line":141,"column":30},"end":{"line":141,"column":55}},{"start":{"line":141,"column":58},"end":{"line":141,"column":66}}],"line":141},"12":{"loc":{"start":{"line":141,"column":30},"end":{"line":141,"column":55}},"type":"binary-expr","locations":[{"start":{"line":141,"column":30},"end":{"line":141,"column":45}},{"start":{"line":141,"column":49},"end":{"line":141,"column":55}}],"line":141},"13":{"loc":{"start":{"line":142,"column":23},"end":{"line":142,"column":71}},"type":"cond-expr","locations":[{"start":{"line":142,"column":33},"end":{"line":142,"column":57}},{"start":{"line":142,"column":60},"end":{"line":142,"column":71}}],"line":142},"14":{"loc":{"start":{"line":142,"column":33},"end":{"line":142,"column":57}},"type":"binary-expr","locations":[{"start":{"line":142,"column":33},"end":{"line":142,"column":51}},{"start":{"line":142,"column":55},"end":{"line":142,"column":57}}],"line":142},"15":{"loc":{"start":{"line":147,"column":17},"end":{"line":147,"column":96}},"type":"binary-expr","locations":[{"start":{"line":147,"column":17},"end":{"line":147,"column":31}},{"start":{"line":147,"column":35},"end":{"line":147,"column":96}}],"line":147},"16":{"loc":{"start":{"line":163,"column":20},"end":{"line":163,"column":51}},"type":"cond-expr","locations":[{"start":{"line":163,"column":31},"end":{"line":163,"column":38}},{"start":{"line":163,"column":41},"end":{"line":163,"column":51}}],"line":163},"17":{"loc":{"start":{"line":164,"column":49},"end":{"line":164,"column":79}},"type":"cond-expr","locations":[{"start":{"line":164,"column":59},"end":{"line":164,"column":66}},{"start":{"line":164,"column":69},"end":{"line":164,"column":79}}],"line":164},"18":{"loc":{"start":{"line":180,"column":11},"end":{"line":180,"column":41}},"type":"cond-expr","locations":[{"start":{"line":180,"column":21},"end":{"line":180,"column":28}},{"start":{"line":180,"column":31},"end":{"line":180,"column":41}}],"line":180},"19":{"loc":{"start":{"line":184,"column":11},"end":{"line":195,"column":11}},"type":"binary-expr","locations":[{"start":{"line":184,"column":11},"end":{"line":184,"column":19}},{"start":{"line":185,"column":12},"end":{"line":194,"column":14}}],"line":184},"20":{"loc":{"start":{"line":207,"column":11},"end":{"line":218,"column":11}},"type":"binary-expr","locations":[{"start":{"line":207,"column":11},"end":{"line":207,"column":19}},{"start":{"line":208,"column":12},"end":{"line":217,"column":14}}],"line":207},"21":{"loc":{"start":{"line":232,"column":13},"end":{"line":238,"column":32}},"type":"cond-expr","locations":[{"start":{"line":233,"column":16},"end":{"line":235,"column":34}},{"start":{"line":236,"column":16},"end":{"line":238,"column":32}}],"line":232},"22":{"loc":{"start":{"line":233,"column":16},"end":{"line":235,"column":34}},"type":"cond-expr","locations":[{"start":{"line":234,"column":18},"end":{"line":234,"column":33}},{"start":{"line":235,"column":18},"end":{"line":235,"column":34}}],"line":233},"23":{"loc":{"start":{"line":236,"column":16},"end":{"line":238,"column":32}},"type":"cond-expr","locations":[{"start":{"line":237,"column":18},"end":{"line":237,"column":25}},{"start":{"line":238,"column":18},"end":{"line":238,"column":32}}],"line":236},"24":{"loc":{"start":{"line":242,"column":9},"end":{"line":246,"column":9}},"type":"binary-expr","locations":[{"start":{"line":242,"column":9},"end":{"line":242,"column":14}},{"start":{"line":243,"column":10},"end":{"line":245,"column":14}}],"line":242},"25":{"loc":{"start":{"line":250,"column":13},"end":{"line":250,"column":70}},"type":"cond-expr","locations":[{"start":{"line":250,"column":23},"end":{"line":250,"column":41}},{"start":{"line":250,"column":44},"end":{"line":250,"column":70}}],"line":250},"26":{"loc":{"start":{"line":253,"column":13},"end":{"line":253,"column":43}},"type":"cond-expr","locations":[{"start":{"line":253,"column":23},"end":{"line":253,"column":33}},{"start":{"line":253,"column":36},"end":{"line":253,"column":43}}],"line":253}},"s":{"0":2,"1":49,"2":49,"3":49,"4":49,"5":49,"6":49,"7":49,"8":49,"9":0,"10":0,"11":0,"12":0,"13":0,"14":0,"15":49,"16":0,"17":49,"18":0,"19":49,"20":0,"21":49,"22":0,"23":0,"24":0,"25":0,"26":0,"27":0,"28":0,"29":0,"30":0,"31":0,"32":0,"33":0,"34":0,"35":0,"36":0,"37":0,"38":0,"39":0,"40":0,"41":0,"42":0,"43":0,"44":0,"45":0,"46":0,"47":0,"48":0,"49":0,"50":0,"51":0,"52":0,"53":0,"54":0,"55":0,"56":0,"57":0,"58":0,"59":0,"60":0,"61":0,"62":0,"63":0,"64":0,"65":0,"66":0,"67":0,"68":0,"69":0,"70":0,"71":0,"72":0,"73":0,"74":0,"75":0,"76":0,"77":0,"78":0,"79":0,"80":0,"81":0,"82":0,"83":0,"84":0,"85":0,"86":0,"87":0,"88":49,"89":0,"90":0,"91":0,"92":0,"93":0,"94":0,"95":0,"96":0,"97":0,"98":49,"99":0,"100":16,"101":0,"102":11},"f":{"0":49,"1":0,"2":0,"3":0,"4":0,"5":0,"6":0,"7":0,"8":0,"9":0,"10":16,"11":0,"12":11},"b":{"0":[0,0],"1":[0,0],"2":[0,0],"3":[0,0],"4":[0,0],"5":[0,0],"6":[0,0],"7":[0,0],"8":[0,0],"9":[0,0],"10":[0,0],"11":[0,0],"12":[0,0],"13":[0,0],"14":[0,0],"15":[0,0],"16":[0,0],"17":[0,0],"18":[49,0],"19":[49,0],"20":[49,0],"21":[0,49],"22":[0,0],"23":[49,0],"24":[49,0],"25":[49,0],"26":[49,0]},"_coverageSchema":"1a1c01bbd47fc00a2c39e90264f33305004495a9","hash":"f9881b1163c79df2a858c80575c23b0a67ea356e"}
,"D:\\Cprograms.c\\resume_analyser\\Ramjith-FrontEnd-SE\\src\\Chatbot.js": {"path":"D:\\Cprograms.c\\resume_analyser\\Ramjith-FrontEnd-SE\\src\\Chatbot.js","statementMap":{"0":{"start":{"line":4,"column":18},"end":{"line":14,"column":1}},"1":{"start":{"line":17,"column":23},"end":{"line":17,"column":64}},"2":{"start":{"line":20,"column":34},"end":{"line":20,"column":87}},"3":{"start":{"line":21,"column":28},"end":{"line":21,"column":40}},"4":{"start":{"line":22,"column":32},"end":{"line":22,"column":47}},"5":{"start":{"line":23,"column":25},"end":{"line":23,"column":37}},"6":{"start":{"line":25,"column":2},"end":{"line":27,"column":17}},"7":{"start":{"line":26,"column":4},"end":{"line":26,"column":67}},"8":{"start":{"line":30,"column":19},"end":{"line":51,"column":8}},"9":{"start":{"line":31,"column":14},"end":{"line":31,"column":32}},"10":{"start":{"line":32,"column":4},"end":{"line":34,"column":5}},"11":{"start":{"line":33,"column":6},"end":{"line":33,"column":179}},"12":{"start":{"line":35,"column":4},"end":{"line":37,"column":5}},"13":{"start":{"line":36,"column":6},"end":{"line":36,"column":27}},"14":{"start":{"line":38,"column":4},"end":{"line":40,"column":5}},"15":{"start":{"line":39,"column":6},"end":{"line":39,"column":32}},"16":{"start":{"line":41,"column":4},"end":{"line":43,"column":5}},"17":{"start":{"line":42,"column":6},"end":{"line":42,"column":30}},"18":{"start":{"line":44,"column":4},"end":{"line":46,"column":5}},"19":{"start":{"line":45,"column":6},"end":{"line":45,"column":32}},"20":{"start":{"line":47,"column":4},"end":{"line":49,"column":5}},"21":{"start":{"line":48,"column":6},"end":{"line":48,"column":32}},"22":{"start":{"line":50,"column":4},"end":{"line":50,"column":29}},"23":{"start":{"line":54,"column":22},"end":{"line":107,"column":3}},"24":{"start":{"line":55,"column":22},"end":{"line":55,"column":39}},"25":{"start":{"line":56,"column":4},"end":{"line":106,"column":5}},"26":{"start":{"line":57,"column":6},"end":{"line":57,"column":86}},"27":{"start":{"line":60,"column":8},"end":{"line":61,"column":22}},"28":{"start":{"line":62,"column":22},"end":{"line":64,"column":7}},"29":{"start":{"line":66,"column":6},"end":{"line":66,"column":88}},"30":{"start":{"line":68,"column":23},"end":{"line":72,"column":8}},"31":{"start":{"line":74,"column":24},"end":{"line":74,"column":53}},"32":{"start":{"line":75,"column":6},"end":{"line":75,"column":80}},"33":{"start":{"line":77,"column":19},"end":{"line":77,"column":40}},"34":{"start":{"line":79,"column":24},"end":{"line":79,"column":53}},"35":{"start":{"line":80,"column":6},"end":{"line":80,"column":80}},"36":{"start":{"line":81,"column":6},"end":{"line":81,"column":83}},"37":{"start":{"line":83,"column":6},"end":{"line":99,"column":7}},"38":{"start":{"line":91,"column":23},"end":{"line":91,"column":84}},"39":{"start":{"line":91,"column":67},"end":{"line":91,"column":73}},"40":{"start":{"line":92,"column":8},"end":{"line":92,"column":97}},"41":{"start":{"line":93,"column":8},"end":{"line":93,"column":88}},"42":{"start":{"line":94,"column":8},"end":{"line":94,"column":22}},"43":{"start":{"line":95,"column":13},"end":{"line":99,"column":7}},"44":{"start":{"line":96,"column":8},"end":{"line":96,"column":70}},"45":{"start":{"line":97,"column":8},"end":{"line":97,"column":88}},"46":{"start":{"line":98,"column":8},"end":{"line":98,"column":90}},"47":{"start":{"line":100,"column":6},"end":{"line":100,"column":69}},"48":{"start":{"line":101,"column":6},"end":{"line":101,"column":28}},"49":{"start":{"line":103,"column":24},"end":{"line":103,"column":53}},"50":{"start":{"line":104,"column":6},"end":{"line":104,"column":80}},"51":{"start":{"line":105,"column":6},"end":{"line":105,"column":80}},"52":{"start":{"line":109,"column":15},"end":{"line":137,"column":3}},"53":{"start":{"line":110,"column":17},"end":{"line":110,"column":29}},"54":{"start":{"line":111,"column":4},"end":{"line":113,"column":5}},"55":{"start":{"line":112,"column":6},"end":{"line":112,"column":13}},"56":{"start":{"line":115,"column":28},"end":{"line":115,"column":45}},"57":{"start":{"line":116,"column":4},"end":{"line":116,"column":61}},"58":{"start":{"line":118,"column":4},"end":{"line":118,"column":61}},"59":{"start":{"line":118,"column":26},"end":{"line":118,"column":59}},"60":{"start":{"line":119,"column":4},"end":{"line":119,"column":17}},"61":{"start":{"line":120,"column":4},"end":{"line":120,"column":21}},"62":{"start":{"line":123,"column":4},"end":{"line":123,"column":80}},"63":{"start":{"line":123,"column":26},"end":{"line":123,"column":78}},"64":{"start":{"line":124,"column":4},"end":{"line":124,"column":56}},"65":{"start":{"line":126,"column":18},"end":{"line":126,"column":41}},"66":{"start":{"line":128,"column":22},"end":{"line":128,"column":57}},"67":{"start":{"line":129,"column":4},"end":{"line":129,"column":95}},"68":{"start":{"line":132,"column":4},"end":{"line":132,"column":80}},"69":{"start":{"line":132,"column":26},"end":{"line":132,"column":78}},"70":{"start":{"line":133,"column":4},"end":{"line":133,"column":22}},"71":{"start":{"line":134,"column":4},"end":{"line":136,"column":6}},"72":{"start":{"line":139,"column":2},"end":{"line":175,"column":4}},"73":{"start":{"line":150,"column":12},"end":{"line":156,"column":14}},"74":{"start":{"line":165,"column":29},"end":{"line":165,"column":53}},"75":{"start":{"line":166,"column":30},"end":{"line":166,"column":57}}},"fnMap":{"0":{"name":"Chatbot","decl":{"start":{"line":19,"column":24},"end":{"line":19,"column":31}},"loc":{"start":{"line":19,"column":53},"end":{"line":176,"column":1}},"line":19},"1":{"name":"(anonymous_1)","decl":{"start":{"line":25,"column":12},"end":{"line":25,"column":13}},"loc":{"start":{"line":25,"column":18},"end":{"line":27,"column":3}},"line":25},"2":{"name":"(anonymous_2)","decl":{"start":{"line":30,"column":31},"end":{"line":30,"column":32}},"loc":{"start":{"line":30,"column":41},"end":{"line":51,"column":3}},"line":30},"3":{"name":"(anonymous_3)","decl":{"start":{"line":54,"column":22},"end":{"line":54,"column":23}},"loc":{"start":{"line":54,"column":38},"end":{"line":107,"column":3}},"line":54},"4":{"name":"(anonymous_4)","decl":{"start":{"line":91,"column":60},"end":{"line":91,"column":61}},"loc":{"start":{"line":91,"column":67},"end":{"line":91,"column":73}},"line":91},"5":{"name":"(anonymous_5)","decl":{"start":{"line":109,"column":15},"end":{"line":109,"column":16}},"loc":{"start":{"line":109,"column":27},"end":{"line":137,"column":3}},"line":109},"6":{"name":"(anonymous_6)","decl":{"start":{"line":118,"column":16},"end":{"line":118,"column":17}},"loc":{"start":{"line":118,"column":26},"end":{"line":118,"column":59}},"line":118},"7":{"name":"(anonymous_7)","decl":{"start":{"line":123,"column":16},"end":{"line":123,"column":17}},"loc":{"start":{"line":123,"column":26},"end":{"line":123,"column":78}},"line":123},"8":{"name":"(anonymous_8)","decl":{"start":{"line":132,"column":16},"end":{"line":132,"column":17}},"loc":{"start":{"line":132,"column":26},"end":{"line":132,"column":78}},"line":132},"9":{"name":"(anonymous_9)","decl":{"start":{"line":149,"column":24},"end":{"line":149,"column":25}},"loc":{"start":{"line":150,"column":12},"end":{"line":156,"column":14}},"line":150},"10":{"name":"(anonymous_10)","decl":{"start":{"line":165,"column":22},"end":{"line":165,"column":23}},"loc":{"start":{"line":165,"column":29},"end":{"line":165,"column":53}},"line":165},"11":{"name":"(anonymous_11)","decl":{"start":{"line":166,"column":23},"end":{"line":166,"column":24}},"loc":{"start":{"line":166,"column":30},"end":{"line":166,"column":57}},"line":166}},"branchMap":{"0":{"loc":{"start":{"line":32,"column":4},"end":{"line":34,"column":5}},"type":"if","locations":[{"start":{"line":32,"column":4},"end":{"line":34,"column":5}},{"start":{},"end":{}}],"line":32},"1":{"loc":{"start":{"line":32,"column":8},"end":{"line":32,"column":83}},"type":"binary-expr","locations":[{"start":{"line":32,"column":8},"end":{"line":32,"column":27}},{"start":{"line":32,"column":31},"end":{"line":32,"column":56}},{"start":{"line":32,"column":60},"end":{"line":32,"column":83}}],"line":32},"2":{"loc":{"start":{"line":35,"column":4},"end":{"line":37,"column":5}},"type":"if","locations":[{"start":{"line":35,"column":4},"end":{"line":37,"column":5}},{"start":{},"end":{}}],"line":35},"3":{"loc":{"start":{"line":38,"column":4},"end":{"line":40,"column":5}},"type":"if","locations":[{"start":{"line":38,"column":4},"end":{"line":40,"column":5}},{"start":{},"end":{}}],"line":38},"4":{"loc":{"start":{"line":41,"column":4},"end":{"line":43,"column":5}},"type":"if","locations":[{"start":{"line":41,"column":4},"end":{"line":43,"column":5}},{"start":{},"end":{}}],"line":41},"5":{"loc":{"start":{"line":44,"column":4},"end":{"line":46,"column":5}},"type":"if","locations":[{"start":{"line":44,"column":4},"end":{"line":46,"column":5}},{"start":{},"end":{}}],"line":44},"6":{"loc":{"start":{"line":47,"column":4},"end":{"line":49,"column":5}},"type":"if","locations":[{"start":{"line":47,"column":4},"end":{"line":49,"column":5}},{"start":{},"end":{}}],"line":47},"7":{"loc":{"start":{"line":47,"column":8},"end":{"line":47,"column":47}},"type":"binary-expr","locations":[{"start":{"line":47,"column":8},"end":{"line":47,"column":27}},{"start":{"line":47,"column":31},"end":{"line":47,"column":47}}],"line":47},"8":{"loc":{"start":{"line":83,"column":6},"end":{"line":99,"column":7}},"type":"if","locations":[{"start":{"line":83,"column":6},"end":{"line":99,"column":7}},{"start":{"line":95,"column":13},"end":{"line":99,"column":7}}],"line":83},"9":{"loc":{"start":{"line":84,"column":8},"end":{"line":88,"column":40}},"type":"binary-expr","locations":[{"start":{"line":84,"column":8},"end":{"line":84,"column":12}},{"start":{"line":85,"column":8},"end":{"line":85,"column":23}},{"start":{"line":86,"column":8},"end":{"line":86,"column":26}},{"start":{"line":87,"column":8},"end":{"line":87,"column":34}},{"start":{"line":88,"column":8},"end":{"line":88,"column":40}}],"line":84},"10":{"loc":{"start":{"line":95,"column":13},"end":{"line":99,"column":7}},"type":"if","locations":[{"start":{"line":95,"column":13},"end":{"line":99,"column":7}},{"start":{},"end":{}}],"line":95},"11":{"loc":{"start":{"line":111,"column":4},"end":{"line":113,"column":5}},"type":"if","locations":[{"start":{"line":111,"column":4},"end":{"line":113,"column":5}},{"start":{},"end":{}}],"line":111},"12":{"loc":{"start":{"line":140,"column":41},"end":{"line":140,"column":61}},"type":"cond-expr","locations":[{"start":{"line":140,"column":50},"end":{"line":140,"column":56}},{"start":{"line":140,"column":59},"end":{"line":140,"column":61}}],"line":140},"13":{"loc":{"start":{"line":166,"column":30},"end":{"line":166,"column":57}},"type":"binary-expr","locations":[{"start":{"line":166,"column":30},"end":{"line":166,"column":47}},{"start":{"line":166,"column":51},"end":{"line":166,"column":57}}],"line":166}},"s":{"0":2,"1":2,"2":14,"3":14,"4":14,"5":14,"6":14,"7":14,"8":14,"9":0,"10":0,"11":0,"12":0,"13":0,"14":0,"15":0,"16":0,"17":0,"18":0,"19":0,"20":0,"21":0,"22":0,"23":14,"24":0,"25":0,"26":0,"27":0,"28":0,"29":0,"30":0,"31":0,"32":0,"33":0,"34":0,"35":0,"36":0,"37":0,"38":0,"39":0,"40":0,"41":0,"42":0,"43":0,"44":0,"45":0,"46":0,"47":0,"48":0,"49":0,"50":0,"51":0,"52":14,"53":0,"54":0,"55":0,"56":0,"57":0,"58":0,"59":0,"60":0,"61":0,"62":0,"63":0,"64":0,"65":0,"66":0,"67":0,"68":0,"69":0,"70":0,"71":0,"72":14,"73":14,"74":0,"75":0},"f":{"0":14,"1":14,"2":0,"3":0,"4":0,"5":0,"6":0,"7":0,"8":0,"9":14,"10":0,"11":0},"b":{"0":[0,0],"1":[0,0,0],"2":[0,0],"3":[0,0],"4":[0,0],"5":[0,0],"6":[0,0],"7":[0,0],"8":[0,0],"9":[0,0,0,0,0],"10":[0,0],"11":[0,0],"12":[2,12],"13":[0,0]},"_coverageSchema":"1a1c01bbd47fc00a2c39e90264f33305004495a9","hash":"4e76b747272d89f7988a3e85e7a90de1f007101e"}
,"D:\\Cprograms.c\\resume_analyser\\Ramjith-FrontEnd-SE\\src\\ResumeAnalyzer.js": {"path":"D:\\Cprograms.c\\resume_analyser\\Ramjith-FrontEnd-SE\\src\\ResumeAnalyzer.js","statementMap":{"0":{"start":{"line":14,"column":24},"end":{"line":14,"column":48}},"1":{"start":{"line":17,"column":22},"end":{"line":17,"column":81}},"2":{"start":{"line":20,"column":32},"end":{"line":39,"column":1}},"3":{"start":{"line":42,"column":18},"end":{"line":121,"column":2}},"4":{"start":{"line":124,"column":19},"end":{"line":135,"column":1}},"5":{"start":{"line":141,"column":2},"end":{"line":149,"column":4}},"6":{"start":{"line":146,"column":20},"end":{"line":146,"column":28}},"7":{"start":{"line":147,"column":23},"end":{"line":147,"column":56}},"8":{"start":{"line":154,"column":2},"end":{"line":159,"column":4}},"9":{"start":{"line":157,"column":18},"end":{"line":157,"column":26}},"10":{"start":{"line":158,"column":19},"end":{"line":158,"column":31}},"11":{"start":{"line":164,"column":2},"end":{"line":169,"column":30}},"12":{"start":{"line":174,"column":16},"end":{"line":177,"column":38}},"13":{"start":{"line":176,"column":19},"end":{"line":176,"column":30}},"14":{"start":{"line":177,"column":22},"end":{"line":177,"column":37}},"15":{"start":{"line":178,"column":19},"end":{"line":178,"column":21}},"16":{"start":{"line":179,"column":15},"end":{"line":179,"column":20}},"17":{"start":{"line":181,"column":2},"end":{"line":215,"column":5}},"18":{"start":{"line":182,"column":22},"end":{"line":182,"column":81}},"19":{"start":{"line":182,"column":65},"end":{"line":182,"column":80}},"20":{"start":{"line":183,"column":21},"end":{"line":183,"column":43}},"21":{"start":{"line":185,"column":31},"end":{"line":185,"column":38}},"22":{"start":{"line":186,"column":4},"end":{"line":193,"column":5}},"23":{"start":{"line":187,"column":6},"end":{"line":192,"column":37}},"24":{"start":{"line":194,"column":24},"end":{"line":194,"column":56}},"25":{"start":{"line":196,"column":4},"end":{"line":214,"column":5}},"26":{"start":{"line":197,"column":6},"end":{"line":199,"column":7}},"27":{"start":{"line":198,"column":8},"end":{"line":198,"column":32}},"28":{"start":{"line":200,"column":6},"end":{"line":200,"column":21}},"29":{"start":{"line":201,"column":6},"end":{"line":201,"column":72}},"30":{"start":{"line":202,"column":11},"end":{"line":214,"column":5}},"31":{"start":{"line":203,"column":6},"end":{"line":205,"column":7}},"32":{"start":{"line":204,"column":8},"end":{"line":204,"column":31}},"33":{"start":{"line":206,"column":6},"end":{"line":206,"column":20}},"34":{"start":{"line":207,"column":6},"end":{"line":207,"column":48}},"35":{"start":{"line":209,"column":6},"end":{"line":211,"column":7}},"36":{"start":{"line":210,"column":8},"end":{"line":210,"column":32}},"37":{"start":{"line":212,"column":6},"end":{"line":212,"column":21}},"38":{"start":{"line":213,"column":6},"end":{"line":213,"column":46}},"39":{"start":{"line":217,"column":2},"end":{"line":219,"column":3}},"40":{"start":{"line":218,"column":4},"end":{"line":218,"column":28}},"41":{"start":{"line":220,"column":2},"end":{"line":220,"column":20}},"42":{"start":{"line":225,"column":16},"end":{"line":225,"column":18}},"43":{"start":{"line":226,"column":18},"end":{"line":226,"column":20}},"44":{"start":{"line":227,"column":22},"end":{"line":227,"column":46}},"45":{"start":{"line":230,"column":27},"end":{"line":230,"column":29}},"46":{"start":{"line":231,"column":31},"end":{"line":231,"column":51}},"47":{"start":{"line":232,"column":32},"end":{"line":232,"column":34}},"48":{"start":{"line":235,"column":2},"end":{"line":242,"column":5}},"49":{"start":{"line":236,"column":20},"end":{"line":236,"column":41}},"50":{"start":{"line":237,"column":4},"end":{"line":241,"column":5}},"51":{"start":{"line":238,"column":6},"end":{"line":238,"column":22}},"52":{"start":{"line":239,"column":11},"end":{"line":241,"column":5}},"53":{"start":{"line":240,"column":6},"end":{"line":240,"column":22}},"54":{"start":{"line":244,"column":25},"end":{"line":244,"column":62}},"55":{"start":{"line":245,"column":25},"end":{"line":245,"column":95}},"56":{"start":{"line":248,"column":17},"end":{"line":248,"column":48}},"57":{"start":{"line":249,"column":18},"end":{"line":249,"column":63}},"58":{"start":{"line":249,"column":39},"end":{"line":249,"column":62}},"59":{"start":{"line":250,"column":28},"end":{"line":250,"column":78}},"60":{"start":{"line":251,"column":23},"end":{"line":251,"column":57}},"61":{"start":{"line":254,"column":22},"end":{"line":254,"column":23}},"62":{"start":{"line":255,"column":2},"end":{"line":259,"column":5}},"63":{"start":{"line":256,"column":21},"end":{"line":256,"column":64}},"64":{"start":{"line":257,"column":18},"end":{"line":257,"column":54}},"65":{"start":{"line":258,"column":4},"end":{"line":258,"column":61}},"66":{"start":{"line":261,"column":26},"end":{"line":261,"column":92}},"67":{"start":{"line":262,"column":26},"end":{"line":262,"column":59}},"68":{"start":{"line":265,"column":19},"end":{"line":265,"column":94}},"69":{"start":{"line":266,"column":22},"end":{"line":266,"column":68}},"70":{"start":{"line":266,"column":43},"end":{"line":266,"column":67}},"71":{"start":{"line":268,"column":2},"end":{"line":276,"column":4}},"72":{"start":{"line":282,"column":38},"end":{"line":282,"column":50}},"73":{"start":{"line":283,"column":46},"end":{"line":283,"column":58}},"74":{"start":{"line":284,"column":50},"end":{"line":284,"column":86}},"75":{"start":{"line":285,"column":34},"end":{"line":285,"column":48}},"76":{"start":{"line":286,"column":36},"end":{"line":286,"column":50}},"77":{"start":{"line":287,"column":42},"end":{"line":287,"column":57}},"78":{"start":{"line":288,"column":44},"end":{"line":288,"column":59}},"79":{"start":{"line":289,"column":44},"end":{"line":289,"column":58}},"80":{"start":{"line":291,"column":21},"end":{"line":291,"column":33}},"81":{"start":{"line":292,"column":23},"end":{"line":292,"column":35}},"82":{"start":{"line":295,"column":21},"end":{"line":330,"column":3}},"83":{"start":{"line":298,"column":6},"end":{"line":298,"column":25}},"84":{"start":{"line":299,"column":6},"end":{"line":301,"column":7}},"85":{"start":{"line":300,"column":8},"end":{"line":300,"column":15}},"86":{"start":{"line":303,"column":6},"end":{"line":307,"column":7}},"87":{"start":{"line":304,"column":8},"end":{"line":304,"column":50}},"88":{"start":{"line":305,"column":8},"end":{"line":305,"column":26}},"89":{"start":{"line":306,"column":8},"end":{"line":306,"column":15}},"90":{"start":{"line":309,"column":6},"end":{"line":317,"column":7}},"91":{"start":{"line":310,"column":8},"end":{"line":312,"column":10}},"92":{"start":{"line":313,"column":8},"end":{"line":315,"column":10}},"93":{"start":{"line":316,"column":8},"end":{"line":316,"column":15}},"94":{"start":{"line":319,"column":6},"end":{"line":323,"column":7}},"95":{"start":{"line":320,"column":8},"end":{"line":320,"column":74}},"96":{"start":{"line":321,"column":8},"end":{"line":321,"column":26}},"97":{"start":{"line":322,"column":8},"end":{"line":322,"column":15}},"98":{"start":{"line":325,"column":21},"end":{"line":325,"column":37}},"99":{"start":{"line":326,"column":6},"end":{"line":326,"column":74}},"100":{"start":{"line":326,"column":29},"end":{"line":326,"column":73}},"101":{"start":{"line":327,"column":6},"end":{"line":327,"column":30}},"102":{"start":{"line":333,"column":2},"end":{"line":343,"column":35}},"103":{"start":{"line":334,"column":4},"end":{"line":338,"column":5}},"104":{"start":{"line":335,"column":6},"end":{"line":335,"column":24}},"105":{"start":{"line":336,"column":6},"end":{"line":336,"column":29}},"106":{"start":{"line":337,"column":6},"end":{"line":337,"column":13}},"107":{"start":{"line":339,"column":22},"end":{"line":339,"column":39}},"108":{"start":{"line":340,"column":4},"end":{"line":340,"column":63}},"109":{"start":{"line":341,"column":20},"end":{"line":341,"column":37}},"110":{"start":{"line":342,"column":4},"end":{"line":342,"column":88}},"111":{"start":{"line":346,"column":2},"end":{"line":370,"column":19}},"112":{"start":{"line":347,"column":4},"end":{"line":350,"column":5}},"113":{"start":{"line":348,"column":6},"end":{"line":348,"column":29}},"114":{"start":{"line":349,"column":6},"end":{"line":349,"column":13}},"115":{"start":{"line":352,"column":24},"end":{"line":352,"column":54}},"116":{"start":{"line":353,"column":30},"end":{"line":353,"column":77}},"117":{"start":{"line":354,"column":26},"end":{"line":354,"column":69}},"118":{"start":{"line":355,"column":29},"end":{"line":355,"column":75}},"119":{"start":{"line":357,"column":30},"end":{"line":357,"column":84}},"120":{"start":{"line":358,"column":28},"end":{"line":358,"column":98}},"121":{"start":{"line":360,"column":4},"end":{"line":369,"column":7}},"122":{"start":{"line":373,"column":19},"end":{"line":432,"column":16}},"123":{"start":{"line":374,"column":4},"end":{"line":376,"column":5}},"124":{"start":{"line":375,"column":6},"end":{"line":375,"column":16}},"125":{"start":{"line":377,"column":17},"end":{"line":377,"column":19}},"126":{"start":{"line":378,"column":81},"end":{"line":378,"column":89}},"127":{"start":{"line":381,"column":4},"end":{"line":389,"column":5}},"128":{"start":{"line":382,"column":6},"end":{"line":384,"column":8}},"129":{"start":{"line":383,"column":124},"end":{"line":383,"column":139}},"130":{"start":{"line":386,"column":6},"end":{"line":388,"column":8}},"131":{"start":{"line":392,"column":21},"end":{"line":392,"column":83}},"132":{"start":{"line":393,"column":4},"end":{"line":409,"column":5}},"133":{"start":{"line":394,"column":6},"end":{"line":396,"column":8}},"134":{"start":{"line":397,"column":11},"end":{"line":409,"column":5}},"135":{"start":{"line":398,"column":6},"end":{"line":400,"column":8}},"136":{"start":{"line":401,"column":11},"end":{"line":409,"column":5}},"137":{"start":{"line":402,"column":6},"end":{"line":404,"column":8}},"138":{"start":{"line":406,"column":6},"end":{"line":408,"column":8}},"139":{"start":{"line":412,"column":4},"end":{"line":424,"column":5}},"140":{"start":{"line":413,"column":26},"end":{"line":413,"column":95}},"141":{"start":{"line":413,"column":48},"end":{"line":413,"column":82}},"142":{"start":{"line":415,"column":8},"end":{"line":415,"column":83}},"143":{"start":{"line":417,"column":6},"end":{"line":419,"column":8}},"144":{"start":{"line":421,"column":6},"end":{"line":423,"column":8}},"145":{"start":{"line":427,"column":4},"end":{"line":429,"column":6}},"146":{"start":{"line":431,"column":4},"end":{"line":431,"column":16}},"147":{"start":{"line":435,"column":33},"end":{"line":448,"column":16}},"148":{"start":{"line":436,"column":4},"end":{"line":438,"column":5}},"149":{"start":{"line":437,"column":6},"end":{"line":437,"column":18}},"150":{"start":{"line":439,"column":25},"end":{"line":439,"column":33}},"151":{"start":{"line":441,"column":4},"end":{"line":443,"column":5}},"152":{"start":{"line":442,"column":6},"end":{"line":442,"column":40}},"153":{"start":{"line":444,"column":4},"end":{"line":446,"column":5}},"154":{"start":{"line":445,"column":6},"end":{"line":445,"column":41}},"155":{"start":{"line":447,"column":4},"end":{"line":447,"column":39}},"156":{"start":{"line":450,"column":24},"end":{"line":450,"column":82}},"157":{"start":{"line":450,"column":38},"end":{"line":450,"column":67}},"158":{"start":{"line":451,"column":19},"end":{"line":451,"column":71}},"159":{"start":{"line":451,"column":33},"end":{"line":451,"column":56}},"160":{"start":{"line":453,"column":26},"end":{"line":453,"column":87}},"161":{"start":{"line":456,"column":24},"end":{"line":475,"column":8}},"162":{"start":{"line":457,"column":4},"end":{"line":474,"column":7}},"163":{"start":{"line":458,"column":6},"end":{"line":460,"column":7}},"164":{"start":{"line":459,"column":8},"end":{"line":459,"column":25}},"165":{"start":{"line":462,"column":26},"end":{"line":462,"column":58}},"166":{"start":{"line":463,"column":6},"end":{"line":463,"column":94}},"167":{"start":{"line":464,"column":6},"end":{"line":464,"column":77}},"168":{"start":{"line":464,"column":34},"end":{"line":464,"column":76}},"169":{"start":{"line":465,"column":6},"end":{"line":472,"column":8}},"170":{"start":{"line":466,"column":34},"end":{"line":466,"column":66}},"171":{"start":{"line":467,"column":8},"end":{"line":468,"column":88}},"172":{"start":{"line":469,"column":8},"end":{"line":469,"column":91}},"173":{"start":{"line":469,"column":42},"end":{"line":469,"column":90}},"174":{"start":{"line":470,"column":8},"end":{"line":470,"column":43}},"175":{"start":{"line":471,"column":8},"end":{"line":471,"column":53}},"176":{"start":{"line":473,"column":6},"end":{"line":473,"column":45}},"177":{"start":{"line":478,"column":25},"end":{"line":542,"column":3}},"178":{"start":{"line":479,"column":4},"end":{"line":481,"column":5}},"179":{"start":{"line":480,"column":6},"end":{"line":480,"column":13}},"180":{"start":{"line":483,"column":4},"end":{"line":483,"column":26}},"181":{"start":{"line":484,"column":24},"end":{"line":484,"column":26}},"182":{"start":{"line":485,"column":17},"end":{"line":485,"column":35}},"183":{"start":{"line":487,"column":4},"end":{"line":541,"column":5}},"184":{"start":{"line":488,"column":6},"end":{"line":488,"column":28}},"185":{"start":{"line":491,"column":24},"end":{"line":491,"column":42}},"186":{"start":{"line":492,"column":6},"end":{"line":494,"column":7}},"187":{"start":{"line":493,"column":8},"end":{"line":493,"column":76}},"188":{"start":{"line":496,"column":6},"end":{"line":496,"column":37}},"189":{"start":{"line":497,"column":6},"end":{"line":497,"column":80}},"190":{"start":{"line":500,"column":21},"end":{"line":506,"column":8}},"191":{"start":{"line":507,"column":22},"end":{"line":507,"column":58}},"192":{"start":{"line":510,"column":18},"end":{"line":510,"column":44}},"193":{"start":{"line":511,"column":24},"end":{"line":511,"column":56}},"194":{"start":{"line":512,"column":25},"end":{"line":512,"column":58}},"195":{"start":{"line":513,"column":24},"end":{"line":513,"column":66}},"196":{"start":{"line":516,"column":14},"end":{"line":516,"column":15}},"197":{"start":{"line":517,"column":26},"end":{"line":517,"column":35}},"198":{"start":{"line":518,"column":6},"end":{"line":525,"column":7}},"199":{"start":{"line":519,"column":8},"end":{"line":521,"column":9}},"200":{"start":{"line":520,"column":10},"end":{"line":520,"column":24}},"201":{"start":{"line":522,"column":8},"end":{"line":522,"column":67}},"202":{"start":{"line":523,"column":8},"end":{"line":523,"column":38}},"203":{"start":{"line":524,"column":8},"end":{"line":524,"column":24}},"204":{"start":{"line":527,"column":23},"end":{"line":527,"column":92}},"205":{"start":{"line":530,"column":6},"end":{"line":530,"column":25}},"206":{"start":{"line":532,"column":6},"end":{"line":532,"column":53}},"207":{"start":{"line":533,"column":6},"end":{"line":535,"column":8}},"208":{"start":{"line":537,"column":6},"end":{"line":537,"column":29}},"209":{"start":{"line":538,"column":6},"end":{"line":540,"column":7}},"210":{"start":{"line":539,"column":8},"end":{"line":539,"column":39}},"211":{"start":{"line":544,"column":2},"end":{"line":801,"column":4}},"212":{"start":{"line":554,"column":16},"end":{"line":554,"column":35}},"213":{"start":{"line":555,"column":16},"end":{"line":555,"column":36}},"214":{"start":{"line":556,"column":16},"end":{"line":558,"column":17}},"215":{"start":{"line":557,"column":18},"end":{"line":557,"column":54}},"216":{"start":{"line":561,"column":16},"end":{"line":561,"column":35}},"217":{"start":{"line":562,"column":16},"end":{"line":562,"column":36}},"218":{"start":{"line":571,"column":33},"end":{"line":571,"column":64}},"219":{"start":{"line":576,"column":31},"end":{"line":576,"column":59}},"220":{"start":{"line":586,"column":31},"end":{"line":586,"column":60}},"221":{"start":{"line":597,"column":31},"end":{"line":597,"column":64}},"222":{"start":{"line":613,"column":18},"end":{"line":624,"column":27}},"223":{"start":{"line":617,"column":35},"end":{"line":617,"column":60}},"224":{"start":{"line":654,"column":24},"end":{"line":654,"column":78}},"225":{"start":{"line":666,"column":41},"end":{"line":666,"column":84}},"226":{"start":{"line":773,"column":23},"end":{"line":773,"column":55}},"227":{"start":{"line":784,"column":49},"end":{"line":784,"column":72}}},"fnMap":{"0":{"name":"extractKeywords","decl":{"start":{"line":140,"column":9},"end":{"line":140,"column":24}},"loc":{"start":{"line":140,"column":31},"end":{"line":150,"column":1}},"line":140},"1":{"name":"(anonymous_1)","decl":{"start":{"line":146,"column":13},"end":{"line":146,"column":14}},"loc":{"start":{"line":146,"column":20},"end":{"line":146,"column":28}},"line":146},"2":{"name":"(anonymous_2)","decl":{"start":{"line":147,"column":16},"end":{"line":147,"column":17}},"loc":{"start":{"line":147,"column":23},"end":{"line":147,"column":56}},"line":147},"3":{"name":"firstNonEmptyLine","decl":{"start":{"line":153,"column":9},"end":{"line":153,"column":26}},"loc":{"start":{"line":153,"column":30},"end":{"line":160,"column":1}},"line":153},"4":{"name":"(anonymous_4)","decl":{"start":{"line":157,"column":11},"end":{"line":157,"column":12}},"loc":{"start":{"line":157,"column":18},"end":{"line":157,"column":26}},"line":157},"5":{"name":"(anonymous_5)","decl":{"start":{"line":158,"column":12},"end":{"line":158,"column":13}},"loc":{"start":{"line":158,"column":19},"end":{"line":158,"column":31}},"line":158},"6":{"name":"escapeHTML","decl":{"start":{"line":163,"column":9},"end":{"line":163,"column":19}},"loc":{"start":{"line":163,"column":23},"end":{"line":170,"column":1}},"line":163},"7":{"name":"plainToHTML","decl":{"start":{"line":173,"column":9},"end":{"line":173,"column":20}},"loc":{"start":{"line":173,"column":33},"end":{"line":221,"column":1}},"line":173},"8":{"name":"(anonymous_8)","decl":{"start":{"line":176,"column":9},"end":{"line":176,"column":10}},"loc":{"start":{"line":176,"column":19},"end":{"line":176,"column":30}},"line":176},"9":{"name":"(anonymous_9)","decl":{"start":{"line":177,"column":12},"end":{"line":177,"column":13}},"loc":{"start":{"line":177,"column":22},"end":{"line":177,"column":37}},"line":177},"10":{"name":"(anonymous_10)","decl":{"start":{"line":181,"column":16},"end":{"line":181,"column":17}},"loc":{"start":{"line":181,"column":29},"end":{"line":215,"column":3}},"line":181},"11":{"name":"(anonymous_11)","decl":{"start":{"line":182,"column":58},"end":{"line":182,"column":59}},"loc":{"start":{"line":182,"column":65},"end":{"line":182,"column":80}},"line":182},"12":{"name":"calculateATSScore","decl":{"start":{"line":224,"column":9},"end":{"line":224,"column":26}},"loc":{"start":{"line":224,"column":55},"end":{"line":277,"column":1}},"line":224},"13":{"name":"(anonymous_13)","decl":{"start":{"line":235,"column":42},"end":{"line":235,"column":43}},"loc":{"start":{"line":235,"column":56},"end":{"line":242,"column":3}},"line":235},"14":{"name":"(anonymous_14)","decl":{"start":{"line":249,"column":32},"end":{"line":249,"column":33}},"loc":{"start":{"line":249,"column":39},"end":{"line":249,"column":62}},"line":249},"15":{"name":"(anonymous_15)","decl":{"start":{"line":255,"column":21},"end":{"line":255,"column":22}},"loc":{"start":{"line":255,"column":31},"end":{"line":259,"column":3}},"line":255},"16":{"name":"(anonymous_16)","decl":{"start":{"line":266,"column":36},"end":{"line":266,"column":37}},"loc":{"start":{"line":266,"column":43},"end":{"line":266,"column":67}},"line":266},"17":{"name":"ResumeAnalyzer","decl":{"start":{"line":281,"column":24},"end":{"line":281,"column":38}},"loc":{"start":{"line":281,"column":41},"end":{"line":802,"column":1}},"line":281},"18":{"name":"(anonymous_18)","decl":{"start":{"line":296,"column":4},"end":{"line":296,"column":5}},"loc":{"start":{"line":296,"column":14},"end":{"line":328,"column":5}},"line":296},"19":{"name":"(anonymous_19)","decl":{"start":{"line":326,"column":22},"end":{"line":326,"column":23}},"loc":{"start":{"line":326,"column":29},"end":{"line":326,"column":73}},"line":326},"20":{"name":"(anonymous_20)","decl":{"start":{"line":333,"column":12},"end":{"line":333,"column":13}},"loc":{"start":{"line":333,"column":18},"end":{"line":343,"column":3}},"line":333},"21":{"name":"(anonymous_21)","decl":{"start":{"line":346,"column":12},"end":{"line":346,"column":13}},"loc":{"start":{"line":346,"column":18},"end":{"line":370,"column":3}},"line":346},"22":{"name":"(anonymous_22)","decl":{"start":{"line":373,"column":27},"end":{"line":373,"column":28}},"loc":{"start":{"line":373,"column":33},"end":{"line":432,"column":3}},"line":373},"23":{"name":"(anonymous_23)","decl":{"start":{"line":383,"column":117},"end":{"line":383,"column":118}},"loc":{"start":{"line":383,"column":124},"end":{"line":383,"column":139}},"line":383},"24":{"name":"(anonymous_24)","decl":{"start":{"line":413,"column":41},"end":{"line":413,"column":42}},"loc":{"start":{"line":413,"column":48},"end":{"line":413,"column":82}},"line":413},"25":{"name":"(anonymous_25)","decl":{"start":{"line":435,"column":41},"end":{"line":435,"column":42}},"loc":{"start":{"line":435,"column":47},"end":{"line":448,"column":3}},"line":435},"26":{"name":"(anonymous_26)","decl":{"start":{"line":450,"column":32},"end":{"line":450,"column":33}},"loc":{"start":{"line":450,"column":38},"end":{"line":450,"column":67}},"line":450},"27":{"name":"(anonymous_27)","decl":{"start":{"line":451,"column":27},"end":{"line":451,"column":28}},"loc":{"start":{"line":451,"column":33},"end":{"line":451,"column":56}},"line":451},"28":{"name":"(anonymous_28)","decl":{"start":{"line":456,"column":36},"end":{"line":456,"column":37}},"loc":{"start":{"line":456,"column":42},"end":{"line":475,"column":3}},"line":456},"29":{"name":"(anonymous_29)","decl":{"start":{"line":457,"column":23},"end":{"line":457,"column":24}},"loc":{"start":{"line":457,"column":44},"end":{"line":474,"column":5}},"line":457},"30":{"name":"(anonymous_30)","decl":{"start":{"line":464,"column":28},"end":{"line":464,"column":29}},"loc":{"start":{"line":464,"column":34},"end":{"line":464,"column":76}},"line":464},"31":{"name":"(anonymous_31)","decl":{"start":{"line":465,"column":27},"end":{"line":465,"column":28}},"loc":{"start":{"line":465,"column":33},"end":{"line":472,"column":7}},"line":465},"32":{"name":"(anonymous_32)","decl":{"start":{"line":469,"column":36},"end":{"line":469,"column":37}},"loc":{"start":{"line":469,"column":42},"end":{"line":469,"column":90}},"line":469},"33":{"name":"(anonymous_33)","decl":{"start":{"line":478,"column":25},"end":{"line":478,"column":26}},"loc":{"start":{"line":478,"column":37},"end":{"line":542,"column":3}},"line":478},"34":{"name":"(anonymous_34)","decl":{"start":{"line":553,"column":22},"end":{"line":553,"column":23}},"loc":{"start":{"line":553,"column":29},"end":{"line":559,"column":15}},"line":553},"35":{"name":"(anonymous_35)","decl":{"start":{"line":560,"column":26},"end":{"line":560,"column":27}},"loc":{"start":{"line":560,"column":33},"end":{"line":563,"column":15}},"line":560},"36":{"name":"(anonymous_36)","decl":{"start":{"line":571,"column":26},"end":{"line":571,"column":27}},"loc":{"start":{"line":571,"column":33},"end":{"line":571,"column":64}},"line":571},"37":{"name":"(anonymous_37)","decl":{"start":{"line":576,"column":25},"end":{"line":576,"column":26}},"loc":{"start":{"line":576,"column":31},"end":{"line":576,"column":59}},"line":576},"38":{"name":"(anonymous_38)","decl":{"start":{"line":586,"column":24},"end":{"line":586,"column":25}},"loc":{"start":{"line":586,"column":31},"end":{"line":586,"column":60}},"line":586},"39":{"name":"(anonymous_39)","decl":{"start":{"line":597,"column":24},"end":{"line":597,"column":25}},"loc":{"start":{"line":597,"column":31},"end":{"line":597,"column":64}},"line":597},"40":{"name":"(anonymous_40)","decl":{"start":{"line":612,"column":53},"end":{"line":612,"column":54}},"loc":{"start":{"line":613,"column":18},"end":{"line":624,"column":27}},"line":613},"41":{"name":"(anonymous_41)","decl":{"start":{"line":617,"column":29},"end":{"line":617,"column":30}},"loc":{"start":{"line":617,"column":35},"end":{"line":617,"column":60}},"line":617},"42":{"name":"(anonymous_42)","decl":{"start":{"line":653,"column":36},"end":{"line":653,"column":37}},"loc":{"start":{"line":654,"column":24},"end":{"line":654,"column":78}},"line":654},"43":{"name":"(anonymous_43)","decl":{"start":{"line":666,"column":35},"end":{"line":666,"column":36}},"loc":{"start":{"line":666,"column":41},"end":{"line":666,"column":84}},"line":666},"44":{"name":"(anonymous_44)","decl":{"start":{"line":773,"column":17},"end":{"line":773,"column":18}},"loc":{"start":{"line":773,"column":23},"end":{"line":773,"column":55}},"line":773},"45":{"name":"(anonymous_45)","decl":{"start":{"line":784,"column":43},"end":{"line":784,"column":44}},"loc":{"start":{"line":784,"column":49},"end":{"line":784,"column":72}},"line":784}},"branchMap":{"0":{"loc":{"start":{"line":147,"column":23},"end":{"line":147,"column":56}},"type":"binary-expr","locations":[{"start":{"line":147,"column":23},"end":{"line":147,"column":35}},{"start":{"line":147,"column":39},"end":{"line":147,"column":56}}],"line":147},"1":{"loc":{"start":{"line":155,"column":4},"end":{"line":158,"column":52}},"type":"binary-expr","locations":[{"start":{"line":155,"column":4},"end":{"line":158,"column":32}},{"start":{"line":158,"column":36},"end":{"line":158,"column":52}}],"line":155},"2":{"loc":{"start":{"line":155,"column":5},"end":{"line":155,"column":12}},"type":"binary-expr","locations":[{"start":{"line":155,"column":5},"end":{"line":155,"column":6}},{"start":{"line":155,"column":10},"end":{"line":155,"column":12}}],"line":155},"3":{"loc":{"start":{"line":174,"column":17},"end":{"line":174,"column":33}},"type":"binary-expr","locations":[{"start":{"line":174,"column":17},"end":{"line":174,"column":27}},{"start":{"line":174,"column":31},"end":{"line":174,"column":33}}],"line":174},"4":{"loc":{"start":{"line":186,"column":4},"end":{"line":193,"column":5}},"type":"if","locations":[{"start":{"line":186,"column":4},"end":{"line":193,"column":5}},{"start":{},"end":{}}],"line":186},"5":{"loc":{"start":{"line":196,"column":4},"end":{"line":214,"column":5}},"type":"if","locations":[{"start":{"line":196,"column":4},"end":{"line":214,"column":5}},{"start":{"line":202,"column":11},"end":{"line":214,"column":5}}],"line":196},"6":{"loc":{"start":{"line":197,"column":6},"end":{"line":199,"column":7}},"type":"if","locations":[{"start":{"line":197,"column":6},"end":{"line":199,"column":7}},{"start":{},"end":{}}],"line":197},"7":{"loc":{"start":{"line":202,"column":11},"end":{"line":214,"column":5}},"type":"if","locations":[{"start":{"line":202,"column":11},"end":{"line":214,"column":5}},{"start":{"line":208,"column":11},"end":{"line":214,"column":5}}],"line":202},"8":{"loc":{"start":{"line":203,"column":6},"end":{"line":205,"column":7}},"type":"if","locations":[{"start":{"line":203,"column":6},"end":{"line":205,"column":7}},{"start":{},"end":{}}],"line":203},"9":{"loc":{"start":{"line":209,"column":6},"end":{"line":211,"column":7}},"type":"if","locations":[{"start":{"line":209,"column":6},"end":{"line":211,"column":7}},{"start":{},"end":{}}],"line":209},"10":{"loc":{"start":{"line":217,"column":2},"end":{"line":219,"column":3}},"type":"if","locations":[{"start":{"line":217,"column":2},"end":{"line":219,"column":3}},{"start":{},"end":{}}],"line":217},"11":{"loc":{"start":{"line":237,"column":4},"end":{"line":241,"column":5}},"type":"if","locations":[{"start":{"line":237,"column":4},"end":{"line":241,"column":5}},{"start":{"line":239,"column":11},"end":{"line":241,"column":5}}],"line":237},"12":{"loc":{"start":{"line":239,"column":11},"end":{"line":241,"column":5}},"type":"if","locations":[{"start":{"line":239,"column":11},"end":{"line":241,"column":5}},{"start":{},"end":{}}],"line":239},"13":{"loc":{"start":{"line":250,"column":28},"end":{"line":250,"column":78}},"type":"cond-expr","locations":[{"start":{"line":250,"column":44},"end":{"line":250,"column":74}},{"start":{"line":250,"column":77},"end":{"line":250,"column":78}}],"line":250},"14":{"loc":{"start":{"line":258,"column":22},"end":{"line":258,"column":52}},"type":"binary-expr","locations":[{"start":{"line":258,"column":22},"end":{"line":258,"column":46}},{"start":{"line":258,"column":50},"end":{"line":258,"column":52}}],"line":258},"15":{"loc":{"start":{"line":299,"column":6},"end":{"line":301,"column":7}},"type":"if","locations":[{"start":{"line":299,"column":6},"end":{"line":301,"column":7}},{"start":{},"end":{}}],"line":299},"16":{"loc":{"start":{"line":303,"column":6},"end":{"line":307,"column":7}},"type":"if","locations":[{"start":{"line":303,"column":6},"end":{"line":307,"column":7}},{"start":{},"end":{}}],"line":303},"17":{"loc":{"start":{"line":309,"column":6},"end":{"line":317,"column":7}},"type":"if","locations":[{"start":{"line":309,"column":6},"end":{"line":317,"column":7}},{"start":{},"end":{}}],"line":309},"18":{"loc":{"start":{"line":319,"column":6},"end":{"line":323,"column":7}},"type":"if","locations":[{"start":{"line":319,"column":6},"end":{"line":323,"column":7}},{"start":{},"end":{}}],"line":319},"19":{"loc":{"start":{"line":326,"column":50},"end":{"line":326,"column":71}},"type":"binary-expr","locations":[{"start":{"line":326,"column":50},"end":{"line":326,"column":65}},{"start":{"line":326,"column":69},"end":{"line":326,"column":71}}],"line":326},"20":{"loc":{"start":{"line":334,"column":4},"end":{"line":338,"column":5}},"type":"if","locations":[{"start":{"line":334,"column":4},"end":{"line":338,"column":5}},{"start":{},"end":{}}],"line":334},"21":{"loc":{"start":{"line":347,"column":4},"end":{"line":350,"column":5}},"type":"if","locations":[{"start":{"line":347,"column":4},"end":{"line":350,"column":5}},{"start":{},"end":{}}],"line":347},"22":{"loc":{"start":{"line":357,"column":30},"end":{"line":357,"column":84}},"type":"cond-expr","locations":[{"start":{"line":357,"column":46},"end":{"line":357,"column":77}},{"start":{"line":357,"column":80},"end":{"line":357,"column":84}}],"line":357},"23":{"loc":{"start":{"line":358,"column":28},"end":{"line":358,"column":98}},"type":"cond-expr","locations":[{"start":{"line":358,"column":48},"end":{"line":358,"column":91}},{"start":{"line":358,"column":94},"end":{"line":358,"column":98}}],"line":358},"24":{"loc":{"start":{"line":374,"column":4},"end":{"line":376,"column":5}},"type":"if","locations":[{"start":{"line":374,"column":4},"end":{"line":376,"column":5}},{"start":{},"end":{}}],"line":374},"25":{"loc":{"start":{"line":381,"column":4},"end":{"line":389,"column":5}},"type":"if","locations":[{"start":{"line":381,"column":4},"end":{"line":389,"column":5}},{"start":{"line":385,"column":11},"end":{"line":389,"column":5}}],"line":381},"26":{"loc":{"start":{"line":392,"column":21},"end":{"line":392,"column":83}},"type":"cond-expr","locations":[{"start":{"line":392,"column":32},"end":{"line":392,"column":77}},{"start":{"line":392,"column":80},"end":{"line":392,"column":83}}],"line":392},"27":{"loc":{"start":{"line":393,"column":4},"end":{"line":409,"column":5}},"type":"if","locations":[{"start":{"line":393,"column":4},"end":{"line":409,"column":5}},{"start":{"line":397,"column":11},"end":{"line":409,"column":5}}],"line":393},"28":{"loc":{"start":{"line":397,"column":11},"end":{"line":409,"column":5}},"type":"if","locations":[{"start":{"line":397,"column":11},"end":{"line":409,"column":5}},{"start":{"line":401,"column":11},"end":{"line":409,"column":5}}],"line":397},"29":{"loc":{"start":{"line":401,"column":11},"end":{"line":409,"column":5}},"type":"if","locations":[{"start":{"line":401,"column":11},"end":{"line":409,"column":5}},{"start":{"line":405,"column":11},"end":{"line":409,"column":5}}],"line":401},"30":{"loc":{"start":{"line":412,"column":4},"end":{"line":424,"column":5}},"type":"if","locations":[{"start":{"line":412,"column":4},"end":{"line":424,"column":5}},{"start":{"line":420,"column":11},"end":{"line":424,"column":5}}],"line":412},"31":{"loc":{"start":{"line":413,"column":48},"end":{"line":413,"column":82}},"type":"binary-expr","locations":[{"start":{"line":413,"column":48},"end":{"line":413,"column":60}},{"start":{"line":413,"column":64},"end":{"line":413,"column":82}}],"line":413},"32":{"loc":{"start":{"line":415,"column":8},"end":{"line":415,"column":83}},"type":"cond-expr","locations":[{"start":{"line":415,"column":33},"end":{"line":415,"column":55}},{"start":{"line":415,"column":58},"end":{"line":415,"column":83}}],"line":415},"33":{"loc":{"start":{"line":436,"column":4},"end":{"line":438,"column":5}},"type":"if","locations":[{"start":{"line":436,"column":4},"end":{"line":438,"column":5}},{"start":{},"end":{}}],"line":436},"34":{"loc":{"start":{"line":441,"column":4},"end":{"line":443,"column":5}},"type":"if","locations":[{"start":{"line":441,"column":4},"end":{"line":443,"column":5}},{"start":{},"end":{}}],"line":441},"35":{"loc":{"start":{"line":444,"column":4},"end":{"line":446,"column":5}},"type":"if","locations":[{"start":{"line":444,"column":4},"end":{"line":446,"column":5}},{"start":{},"end":{}}],"line":444},"36":{"loc":{"start":{"line":453,"column":26},"end":{"line":453,"column":87}},"type":"binary-expr","locations":[{"start":{"line":453,"column":26},"end":{"line":453,"column":60}},{"start":{"line":453,"column":64},"end":{"line":453,"column":87}}],"line":453},"37":{"loc":{"start":{"line":458,"column":6},"end":{"line":460,"column":7}},"type":"if","locations":[{"start":{"line":458,"column":6},"end":{"line":460,"column":7}},{"start":{},"end":{}}],"line":458},"38":{"loc":{"start":{"line":458,"column":10},"end":{"line":458,"column":44}},"type":"binary-expr","locations":[{"start":{"line":458,"column":10},"end":{"line":458,"column":22}},{"start":{"line":458,"column":26},"end":{"line":458,"column":44}}],"line":458},"39":{"loc":{"start":{"line":479,"column":4},"end":{"line":481,"column":5}},"type":"if","locations":[{"start":{"line":479,"column":4},"end":{"line":481,"column":5}},{"start":{},"end":{}}],"line":479},"40":{"loc":{"start":{"line":491,"column":24},"end":{"line":491,"column":42}},"type":"binary-expr","locations":[{"start":{"line":491,"column":24},"end":{"line":491,"column":36}},{"start":{"line":491,"column":40},"end":{"line":491,"column":42}}],"line":491},"41":{"loc":{"start":{"line":492,"column":6},"end":{"line":494,"column":7}},"type":"if","locations":[{"start":{"line":492,"column":6},"end":{"line":494,"column":7}},{"start":{},"end":{}}],"line":492},"42":{"loc":{"start":{"line":519,"column":8},"end":{"line":521,"column":9}},"type":"if","locations":[{"start":{"line":519,"column":8},"end":{"line":521,"column":9}},{"start":{},"end":{}}],"line":519},"43":{"loc":{"start":{"line":538,"column":6},"end":{"line":540,"column":7}},"type":"if","locations":[{"start":{"line":538,"column":6},"end":{"line":540,"column":7}},{"start":{},"end":{}}],"line":538},"44":{"loc":{"start":{"line":556,"column":16},"end":{"line":558,"column":17}},"type":"if","locations":[{"start":{"line":556,"column":16},"end":{"line":558,"column":17}},{"start":{},"end":{}}],"line":556},"45":{"loc":{"start":{"line":580,"column":15},"end":{"line":580,"column":74}},"type":"binary-expr","locations":[{"start":{"line":580,"column":15},"end":{"line":580,"column":24}},{"start":{"line":580,"column":28},"end":{"line":580,"column":74}}],"line":580},"46":{"loc":{"start":{"line":606,"column":9},"end":{"line":766,"column":9}},"type":"binary-expr","locations":[{"start":{"line":606,"column":9},"end":{"line":606,"column":19}},{"start":{"line":607,"column":10},"end":{"line":765,"column":13}}],"line":606},"47":{"loc":{"start":{"line":616,"column":48},"end":{"line":616,"column":91}},"type":"cond-expr","locations":[{"start":{"line":616,"column":76},"end":{"line":616,"column":86}},{"start":{"line":616,"column":89},"end":{"line":616,"column":91}}],"line":616},"48":{"loc":{"start":{"line":630,"column":13},"end":{"line":685,"column":13}},"type":"binary-expr","locations":[{"start":{"line":630,"column":13},"end":{"line":630,"column":21}},{"start":{"line":631,"column":14},"end":{"line":684,"column":20}}],"line":630},"49":{"loc":{"start":{"line":640,"column":24},"end":{"line":644,"column":42}},"type":"cond-expr","locations":[{"start":{"line":641,"column":28},"end":{"line":641,"column":39}},{"start":{"line":642,"column":28},"end":{"line":644,"column":42}}],"line":640},"50":{"loc":{"start":{"line":642,"column":28},"end":{"line":644,"column":42}},"type":"cond-expr","locations":[{"start":{"line":643,"column":30},"end":{"line":643,"column":43}},{"start":{"line":644,"column":30},"end":{"line":644,"column":42}}],"line":642},"51":{"loc":{"start":{"line":658,"column":21},"end":{"line":671,"column":21}},"type":"binary-expr","locations":[{"start":{"line":658,"column":21},"end":{"line":658,"column":43}},{"start":{"line":658,"column":47},"end":{"line":658,"column":90}},{"start":{"line":659,"column":22},"end":{"line":670,"column":26}}],"line":658},"52":{"loc":{"start":{"line":676,"column":21},"end":{"line":678,"column":70}},"type":"cond-expr","locations":[{"start":{"line":677,"column":24},"end":{"line":677,"column":43}},{"start":{"line":678,"column":24},"end":{"line":678,"column":70}}],"line":676},"53":{"loc":{"start":{"line":688,"column":13},"end":{"line":747,"column":13}},"type":"binary-expr","locations":[{"start":{"line":688,"column":13},"end":{"line":688,"column":26}},{"start":{"line":689,"column":14},"end":{"line":746,"column":20}}],"line":688},"54":{"loc":{"start":{"line":693,"column":17},"end":{"line":712,"column":17}},"type":"binary-expr","locations":[{"start":{"line":693,"column":17},"end":{"line":693,"column":38}},{"start":{"line":694,"column":18},"end":{"line":711,"column":24}}],"line":693},"55":{"loc":{"start":{"line":696,"column":21},"end":{"line":698,"column":21}},"type":"binary-expr","locations":[{"start":{"line":696,"column":21},"end":{"line":696,"column":60}},{"start":{"line":697,"column":22},"end":{"line":697,"column":94}}],"line":696},"56":{"loc":{"start":{"line":699,"column":21},"end":{"line":701,"column":21}},"type":"binary-expr","locations":[{"start":{"line":699,"column":21},"end":{"line":699,"column":60}},{"start":{"line":700,"column":22},"end":{"line":700,"column":94}}],"line":699},"57":{"loc":{"start":{"line":702,"column":21},"end":{"line":704,"column":21}},"type":"binary-expr","locations":[{"start":{"line":702,"column":21},"end":{"line":702,"column":62}},{"start":{"line":703,"column":22},"end":{"line":703,"column":99}}],"line":702},"58":{"loc":{"start":{"line":705,"column":21},"end":{"line":707,"column":21}},"type":"binary-expr","locations":[{"start":{"line":705,"column":21},"end":{"line":705,"column":60}},{"start":{"line":706,"column":22},"end":{"line":706,"column":95}}],"line":705},"59":{"loc":{"start":{"line":708,"column":21},"end":{"line":710,"column":21}},"type":"binary-expr","locations":[{"start":{"line":708,"column":21},"end":{"line":708,"column":63}},{"start":{"line":709,"column":22},"end":{"line":709,"column":101}}],"line":708},"60":{"loc":{"start":{"line":715,"column":17},"end":{"line":720,"column":17}},"type":"binary-expr","locations":[{"start":{"line":715,"column":17},"end":{"line":715,"column":41}},{"start":{"line":715,"column":45},"end":{"line":715,"column":85}},{"start":{"line":716,"column":18},"end":{"line":719,"column":24}}],"line":715},"61":{"loc":{"start":{"line":718,"column":121},"end":{"line":718,"column":169}},"type":"cond-expr","locations":[{"start":{"line":718,"column":161},"end":{"line":718,"column":164}},{"start":{"line":718,"column":167},"end":{"line":718,"column":169}}],"line":718},"62":{"loc":{"start":{"line":723,"column":17},"end":{"line":745,"column":17}},"type":"binary-expr","locations":[{"start":{"line":723,"column":17},"end":{"line":723,"column":37}},{"start":{"line":724,"column":18},"end":{"line":744,"column":24}}],"line":723},"63":{"loc":{"start":{"line":726,"column":21},"end":{"line":728,"column":21}},"type":"binary-expr","locations":[{"start":{"line":726,"column":21},"end":{"line":726,"column":73}},{"start":{"line":727,"column":22},"end":{"line":727,"column":123}}],"line":726},"64":{"loc":{"start":{"line":729,"column":21},"end":{"line":731,"column":21}},"type":"binary-expr","locations":[{"start":{"line":729,"column":21},"end":{"line":729,"column":63}},{"start":{"line":730,"column":22},"end":{"line":730,"column":102}}],"line":729},"65":{"loc":{"start":{"line":732,"column":21},"end":{"line":734,"column":21}},"type":"binary-expr","locations":[{"start":{"line":732,"column":21},"end":{"line":732,"column":62}},{"start":{"line":733,"column":22},"end":{"line":733,"column":100}}],"line":732},"66":{"loc":{"start":{"line":735,"column":21},"end":{"line":737,"column":21}},"type":"binary-expr","locations":[{"start":{"line":735,"column":21},"end":{"line":735,"column":58}},{"start":{"line":736,"column":22},"end":{"line":736,"column":92}}],"line":735},"67":{"loc":{"start":{"line":738,"column":21},"end":{"line":740,"column":21}},"type":"binary-expr","locations":[{"start":{"line":738,"column":21},"end":{"line":738,"column":63}},{"start":{"line":739,"column":22},"end":{"line":739,"column":103}}],"line":738},"68":{"loc":{"start":{"line":741,"column":21},"end":{"line":743,"column":21}},"type":"binary-expr","locations":[{"start":{"line":741,"column":21},"end":{"line":741,"column":58}},{"start":{"line":742,"column":22},"end":{"line":742,"column":92}}],"line":741},"69":{"loc":{"start":{"line":772,"column":26},"end":{"line":772,"column":59}},"type":"cond-expr","locations":[{"start":{"line":772,"column":42},"end":{"line":772,"column":54}},{"start":{"line":772,"column":57},"end":{"line":772,"column":59}}],"line":772},"70":{"loc":{"start":{"line":774,"column":15},"end":{"line":774,"column":63}},"type":"cond-expr","locations":[{"start":{"line":774,"column":31},"end":{"line":774,"column":46}},{"start":{"line":774,"column":49},"end":{"line":774,"column":63}}],"line":774},"71":{"loc":{"start":{"line":776,"column":9},"end":{"line":776,"column":35}},"type":"cond-expr","locations":[{"start":{"line":776,"column":25},"end":{"line":776,"column":28}},{"start":{"line":776,"column":31},"end":{"line":776,"column":35}}],"line":776},"72":{"loc":{"start":{"line":780,"column":43},"end":{"line":780,"column":70}},"type":"cond-expr","locations":[{"start":{"line":780,"column":59},"end":{"line":780,"column":65}},{"start":{"line":780,"column":68},"end":{"line":780,"column":70}}],"line":780}},"s":{"0":2,"1":2,"2":2,"3":2,"4":2,"5":0,"6":0,"7":0,"8":23,"9":23,"10":23,"11":0,"12":23,"13":23,"14":23,"15":23,"16":23,"17":23,"18":0,"19":0,"20":0,"21":0,"22":0,"23":0,"24":0,"25":0,"26":0,"27":0,"28":0,"29":0,"30":0,"31":0,"32":0,"33":0,"34":0,"35":0,"36":0,"37":0,"38":0,"39":23,"40":0,"41":23,"42":0,"43":0,"44":0,"45":0,"46":0,"47":0,"48":0,"49":0,"50":0,"51":0,"52":0,"53":0,"54":0,"55":0,"56":0,"57":0,"58":0,"59":0,"60":0,"61":0,"62":0,"63":0,"64":0,"65":0,"66":0,"67":0,"68":0,"69":0,"70":0,"71":0,"72":23,"73":23,"74":23,"75":23,"76":23,"77":23,"78":23,"79":23,"80":23,"81":23,"82":23,"83":0,"84":0,"85":0,"86":0,"87":0,"88":0,"89":0,"90":0,"91":0,"92":0,"93":0,"94":0,"95":0,"96":0,"97":0,"98":0,"99":0,"100":0,"101":0,"102":23,"103":23,"104":23,"105":23,"106":23,"107":0,"108":0,"109":0,"110":0,"111":23,"112":23,"113":23,"114":23,"115":0,"116":0,"117":0,"118":0,"119":0,"120":0,"121":0,"122":23,"123":23,"124":23,"125":0,"126":0,"127":0,"128":0,"129":0,"130":0,"131":0,"132":0,"133":0,"134":0,"135":0,"136":0,"137":0,"138":0,"139":0,"140":0,"141":0,"142":0,"143":0,"144":0,"145":0,"146":0,"147":23,"148":23,"149":23,"150":0,"151":0,"152":0,"153":0,"154":0,"155":0,"156":23,"157":23,"158":23,"159":23,"160":23,"161":23,"162":0,"163":0,"164":0,"165":0,"166":0,"167":0,"168":0,"169":0,"170":0,"171":0,"172":0,"173":0,"174":0,"175":0,"176":0,"177":23,"178":0,"179":0,"180":0,"181":0,"182":0,"183":0,"184":0,"185":0,"186":0,"187":0,"188":0,"189":0,"190":0,"191":0,"192":0,"193":0,"194":0,"195":0,"196":0,"197":0,"198":0,"199":0,"200":0,"201":0,"202":0,"203":0,"204":0,"205":0,"206":0,"207":0,"208":0,"209":0,"210":0,"211":23,"212":0,"213":0,"214":0,"215":0,"216":0,"217":0,"218":0,"219":0,"220":0,"221":0,"222":0,"223":0,"224":0,"225":0,"226":0,"227":0},"f":{"0":0,"1":0,"2":0,"3":23,"4":23,"5":23,"6":0,"7":23,"8":23,"9":23,"10":0,"11":0,"12":0,"13":0,"14":0,"15":0,"16":0,"17":23,"18":0,"19":0,"20":23,"21":23,"22":23,"23":0,"24":0,"25":23,"26":23,"27":23,"28":0,"29":0,"30":0,"31":0,"32":0,"33":0,"34":0,"35":0,"36":0,"37":0,"38":0,"39":0,"40":0,"41":0,"42":0,"43":0,"44":0,"45":0},"b":{"0":[0,0],"1":[23,23],"2":[23,23],"3":[23,23],"4":[0,0],"5":[0,0],"6":[0,0],"7":[0,0],"8":[0,0],"9":[0,0],"10":[0,23],"11":[0,0],"12":[0,0],"13":[0,0],"14":[0,0],"15":[0,0],"16":[0,0],"17":[0,0],"18":[0,0],"19":[0,0],"20":[23,0],"21":[23,0],"22":[0,0],"23":[0,0],"24":[23,0],"25":[0,0],"26":[0,0],"27":[0,0],"28":[0,0],"29":[0,0],"30":[0,0],"31":[0,0],"32":[0,0],"33":[23,0],"34":[0,0],"35":[0,0],"36":[23,0],"37":[0,0],"38":[0,0],"39":[0,0],"40":[0,0],"41":[0,0],"42":[0,0],"43":[0,0],"44":[0,0],"45":[23,0],"46":[23,0],"47":[0,0],"48":[0,0],"49":[0,0],"50":[0,0],"51":[0,0,0],"52":[0,0],"53":[0,0],"54":[0,0],"55":[0,0],"56":[0,0],"57":[0,0],"58":[0,0],"59":[0,0],"60":[0,0,0],"61":[0,0],"62":[0,0],"63":[0,0],"64":[0,0],"65":[0,0],"66":[0,0],"67":[0,0],"68":[0,0],"69":[0,23],"70":[0,23],"71":[0,23],"72":[0,23]},"_coverageSchema":"1a1c01bbd47fc00a2c39e90264f33305004495a9","hash":"3d812a7a254b2b4caaf6d74adf8e4d83bd244cfa"}
,"D:\\Cprograms.c\\resume_analyser\\Ramjith-FrontEnd-SE\\src\\ResumeStore.js": {"path":"D:\\Cprograms.c\\resume_analyser\\Ramjith-FrontEnd-SE\\src\\ResumeStore.js","statementMap":{"0":{"start":{"line":9,"column":20},"end":{"line":9,"column":36}},"1":{"start":{"line":10,"column":20},"end":{"line":10,"column":21}},"2":{"start":{"line":15,"column":20},"end":{"line":25,"column":1}},"3":{"start":{"line":16,"column":21},"end":{"line":16,"column":41}},"4":{"start":{"line":18,"column":18},"end":{"line":18,"column":35}},"5":{"start":{"line":19,"column":16},"end":{"line":19,"column":42}},"6":{"start":{"line":20,"column":23},"end":{"line":22,"column":13}},"7":{"start":{"line":21,"column":17},"end":{"line":21,"column":42}},"8":{"start":{"line":24,"column":2},"end":{"line":24,"column":28}},"9":{"start":{"line":28,"column":20},"end":{"line":41,"column":1}},"10":{"start":{"line":29,"column":2},"end":{"line":40,"column":3}},"11":{"start":{"line":30,"column":25},"end":{"line":30,"column":35}},"12":{"start":{"line":32,"column":18},"end":{"line":32,"column":75}},"13":{"start":{"line":32,"column":56},"end":{"line":32,"column":74}},"14":{"start":{"line":33,"column":20},"end":{"line":33,"column":37}},"15":{"start":{"line":34,"column":23},"end":{"line":34,"column":44}},"16":{"start":{"line":36,"column":4},"end":{"line":36,"column":34}},"17":{"start":{"line":38,"column":4},"end":{"line":38,"column":92}},"18":{"start":{"line":39,"column":4},"end":{"line":39,"column":16}},"19":{"start":{"line":51,"column":31},"end":{"line":68,"column":1}},"20":{"start":{"line":52,"column":2},"end":{"line":52,"column":40}},"21":{"start":{"line":52,"column":33},"end":{"line":52,"column":40}},"22":{"start":{"line":54,"column":26},"end":{"line":54,"column":74}},"23":{"start":{"line":57,"column":24},"end":{"line":63,"column":3}},"24":{"start":{"line":64,"column":24},"end":{"line":64,"column":50}},"25":{"start":{"line":65,"column":2},"end":{"line":65,"column":51}},"26":{"start":{"line":66,"column":2},"end":{"line":66,"column":125}},"27":{"start":{"line":67,"column":2},"end":{"line":67,"column":72}},"28":{"start":{"line":75,"column":29},"end":{"line":89,"column":1}},"29":{"start":{"line":76,"column":24},"end":{"line":76,"column":57}},"30":{"start":{"line":77,"column":2},"end":{"line":77,"column":34}},"31":{"start":{"line":77,"column":22},"end":{"line":77,"column":34}},"32":{"start":{"line":78,"column":24},"end":{"line":78,"column":50}},"33":{"start":{"line":79,"column":2},"end":{"line":79,"column":71}},"34":{"start":{"line":79,"column":59},"end":{"line":79,"column":71}},"35":{"start":{"line":80,"column":2},"end":{"line":84,"column":3}},"36":{"start":{"line":81,"column":4},"end":{"line":81,"column":83}},"37":{"start":{"line":82,"column":4},"end":{"line":82,"column":23}},"38":{"start":{"line":83,"column":4},"end":{"line":83,"column":16}},"39":{"start":{"line":85,"column":2},"end":{"line":88,"column":4}},"40":{"start":{"line":92,"column":32},"end":{"line":96,"column":1}},"41":{"start":{"line":93,"column":4},"end":{"line":93,"column":41}},"42":{"start":{"line":94,"column":4},"end":{"line":94,"column":54}},"43":{"start":{"line":95,"column":4},"end":{"line":95,"column":86}}},"fnMap":{"0":{"name":"(anonymous_0)","decl":{"start":{"line":15,"column":20},"end":{"line":15,"column":21}},"loc":{"start":{"line":15,"column":30},"end":{"line":25,"column":1}},"line":15},"1":{"name":"(anonymous_1)","decl":{"start":{"line":21,"column":9},"end":{"line":21,"column":10}},"loc":{"start":{"line":21,"column":17},"end":{"line":21,"column":42}},"line":21},"2":{"name":"(anonymous_2)","decl":{"start":{"line":28,"column":20},"end":{"line":28,"column":21}},"loc":{"start":{"line":28,"column":30},"end":{"line":41,"column":1}},"line":28},"3":{"name":"(anonymous_3)","decl":{"start":{"line":32,"column":48},"end":{"line":32,"column":49}},"loc":{"start":{"line":32,"column":56},"end":{"line":32,"column":74}},"line":32},"4":{"name":"(anonymous_4)","decl":{"start":{"line":51,"column":31},"end":{"line":51,"column":32}},"loc":{"start":{"line":51,"column":74},"end":{"line":68,"column":1}},"line":51},"5":{"name":"(anonymous_5)","decl":{"start":{"line":75,"column":29},"end":{"line":75,"column":30}},"loc":{"start":{"line":75,"column":44},"end":{"line":89,"column":1}},"line":75},"6":{"name":"(anonymous_6)","decl":{"start":{"line":92,"column":32},"end":{"line":92,"column":33}},"loc":{"start":{"line":92,"column":38},"end":{"line":96,"column":1}},"line":92}},"branchMap":{"0":{"loc":{"start":{"line":51,"column":55},"end":{"line":51,"column":69}},"type":"default-arg","locations":[{"start":{"line":51,"column":67},"end":{"line":51,"column":69}}],"line":51},"1":{"loc":{"start":{"line":52,"column":2},"end":{"line":52,"column":40}},"type":"if","locations":[{"start":{"line":52,"column":2},"end":{"line":52,"column":40}},{"start":{},"end":{}}],"line":52},"2":{"loc":{"start":{"line":52,"column":6},"end":{"line":52,"column":31}},"type":"binary-expr","locations":[{"start":{"line":52,"column":6},"end":{"line":52,"column":16}},{"start":{"line":52,"column":20},"end":{"line":52,"column":31}}],"line":52},"3":{"loc":{"start":{"line":77,"column":2},"end":{"line":77,"column":34}},"type":"if","locations":[{"start":{"line":77,"column":2},"end":{"line":77,"column":34}},{"start":{},"end":{}}],"line":77},"4":{"loc":{"start":{"line":79,"column":2},"end":{"line":79,"column":71}},"type":"if","locations":[{"start":{"line":79,"column":2},"end":{"line":79,"column":71}},{"start":{},"end":{}}],"line":79},"5":{"loc":{"start":{"line":79,"column":6},"end":{"line":79,"column":57}},"type":"binary-expr","locations":[{"start":{"line":79,"column":6},"end":{"line":79,"column":20}},{"start":{"line":79,"column":24},"end":{"line":79,"column":57}}],"line":79},"6":{"loc":{"start":{"line":80,"column":2},"end":{"line":84,"column":3}},"type":"if","locations":[{"start":{"line":80,"column":2},"end":{"line":84,"column":3}},{"start":{},"end":{}}],"line":80}},"s":{"0":0,"1":0,"2":0,"3":0,"4":0,"5":0,"6":0,"7":0,"8":0,"9":0,"10":0,"11":0,"12":0,"13":0,"14":0,"15":0,"16":0,"17":0,"18":0,"19":0,"20":0,"21":0,"22":0,"23":0,"24":0,"25":0,"26":0,"27":0,"28":0,"29":0,"30":0,"31":0,"32":0,"33":0,"34":0,"35":0,"36":0,"37":0,"38":0,"39":0,"40":0,"41":0,"42":0,"43":0},"f":{"0":0,"1":0,"2":0,"3":0,"4":0,"5":0,"6":0},"b":{"0":[0],"1":[0,0],"2":[0,0],"3":[0,0],"4":[0,0],"5":[0,0],"6":[0,0]}}
,"D:\\Cprograms.c\\resume_analyser\\Ramjith-FrontEnd-SE\\src\\setupTests.js": {"path":"D:\\Cprograms.c\\resume_analyser\\Ramjith-FrontEnd-SE\\src\\setupTests.js","statementMap":{"0":{"start":{"line":4,"column":25},"end":{"line":9,"column":1}},"1":{"start":{"line":10,"column":0},"end":{"line":10,"column":39}},"2":{"start":{"line":13,"column":0},"end":{"line":18,"column":2}},"3":{"start":{"line":14,"column":2},"end":{"line":17,"column":4}},"4":{"start":{"line":16,"column":16},"end":{"line":16,"column":102}}},"fnMap":{"0":{"name":"(anonymous_0)","decl":{"start":{"line":13,"column":23},"end":{"line":13,"column":24}},"loc":{"start":{"line":14,"column":2},"end":{"line":17,"column":4}},"line":14},"1":{"name":"(anonymous_1)","decl":{"start":{"line":16,"column":10},"end":{"line":16,"column":11}},"loc":{"start":{"line":16,"column":16},"end":{"line":16,"column":102}},"line":16}},"branchMap":{},"s":{"0":0,"1":0,"2":0,"3":0,"4":0},"f":{"0":0,"1":0},"b":{}}
,"D:\\Cprograms.c\\resume_analyser\\Ramjith-FrontEnd-SE\\src\\utils\\resumeParser.js": {"path":"D:\\Cprograms.c\\resume_analyser\\Ramjith-FrontEnd-SE\\src\\utils\\resumeParser.js","statementMap":{},"fnMap":{},"branchMap":{},"s":{},"f":{},"b":{},"_coverageSchema":"1a1c01bbd47fc00a2c39e90264f33305004495a9","hash":"bd136ebb6b9428747d0f307931f13edbc80432fb"}
}
