TN:
SF:src\App.js
FN:11,App
FN:31,(anonymous_1)
FN:39,(anonymous_2)
FN:50,(anonymous_3)
FN:69,(anonymous_4)
FN:76,(anonymous_5)
FN:89,(anonymous_6)
FN:99,(anonymous_7)
FN:112,(anonymous_8)
FN:123,(anonymous_9)
FN:136,(anonymous_10)
FN:140,(anonymous_11)
FN:162,(anonymous_12)
FN:211,(anonymous_13)
FN:216,(anonymous_14)
FNF:15
FNH:7
FNDA:26,App
FNDA:24,(anonymous_1)
FNDA:12,(anonymous_2)
FNDA:0,(anonymous_3)
FNDA:24,(anonymous_4)
FNDA:0,(anonymous_5)
FNDA:12,(anonymous_6)
FNDA:12,(anonymous_7)
FNDA:12,(anonymous_8)
FNDA:0,(anonymous_9)
FNDA:0,(anonymous_10)
FNDA:0,(anonymous_11)
FNDA:0,(anonymous_12)
FNDA:0,(anonymous_13)
FNDA:0,(anonymous_14)
DA:8,2
DA:9,2
DA:12,26
DA:13,24
DA:20,24
DA:27,24
DA:28,24
DA:31,24
DA:32,24
DA:33,12
DA:34,12
DA:39,24
DA:40,12
DA:42,12
DA:43,12
DA:44,12
DA:46,12
DA:50,12
DA:51,0
DA:54,0
DA:57,0
DA:58,0
DA:59,0
DA:61,0
DA:69,24
DA:70,24
DA:71,12
DA:74,12
DA:76,12
DA:77,0
DA:81,12
DA:82,12
DA:83,12
DA:84,12
DA:87,12
DA:89,12
DA:90,12
DA:91,12
DA:92,12
DA:93,12
DA:94,12
DA:95,12
DA:99,24
DA:100,12
DA:101,12
DA:102,12
DA:103,12
DA:104,12
DA:105,12
DA:110,12
DA:112,12
DA:114,0
DA:115,0
DA:118,0
DA:123,24
DA:124,0
DA:125,0
DA:126,0
DA:127,0
DA:129,0
DA:130,0
DA:133,0
DA:136,0
DA:140,24
DA:141,0
DA:142,0
DA:145,0
DA:147,0
DA:148,0
DA:149,0
DA:151,0
DA:152,0
DA:153,0
DA:155,0
DA:156,0
DA:158,0
DA:162,24
DA:163,0
DA:164,0
DA:167,24
DA:211,0
DA:216,0
LF:82
LH:48
BRDA:32,0,0,12
BRDA:32,0,1,12
BRDA:42,1,0,12
BRDA:42,1,1,0
BRDA:70,2,0,12
BRDA:70,2,1,12
BRDA:101,3,0,12
BRDA:101,3,1,0
BRDA:142,4,0,0
BRDA:142,4,1,0
BRDA:177,5,0,24
BRDA:177,5,1,12
BRDA:181,6,0,12
BRDA:181,6,1,12
BRDA:194,7,0,12
BRDA:194,7,1,12
BRDA:206,8,0,24
BRDA:206,8,1,12
BRDA:209,9,0,0
BRDA:209,9,1,12
BRDA:213,10,0,0
BRDA:213,10,1,12
BRF:22
BRH:16
end_of_record
TN:
SF:src\Auth.js
FN:8,Auth
FN:21,(anonymous_1)
FN:27,(anonymous_2)
FN:30,(anonymous_3)
FN:34,(anonymous_4)
FN:39,(anonymous_5)
FN:44,(anonymous_6)
FN:113,(anonymous_7)
FN:162,(anonymous_8)
FN:190,(anonymous_9)
FN:202,(anonymous_10)
FN:213,(anonymous_11)
FN:225,(anonymous_12)
FNF:13
FNH:3
FNDA:49,Auth
FNDA:0,(anonymous_1)
FNDA:0,(anonymous_2)
FNDA:0,(anonymous_3)
FNDA:0,(anonymous_4)
FNDA:0,(anonymous_5)
FNDA:0,(anonymous_6)
FNDA:0,(anonymous_7)
FNDA:0,(anonymous_8)
FNDA:0,(anonymous_9)
FNDA:16,(anonymous_10)
FNDA:0,(anonymous_11)
FNDA:11,(anonymous_12)
DA:6,2
DA:9,49
DA:10,49
DA:11,49
DA:14,49
DA:15,49
DA:17,49
DA:18,49
DA:21,49
DA:22,0
DA:23,0
DA:25,0
DA:26,0
DA:27,0
DA:30,49
DA:31,0
DA:34,49
DA:36,0
DA:39,49
DA:41,0
DA:44,49
DA:45,0
DA:46,0
DA:48,0
DA:49,0
DA:50,0
DA:52,0
DA:53,0
DA:56,0
DA:57,0
DA:58,0
DA:59,0
DA:61,0
DA:62,0
DA:63,0
DA:64,0
DA:67,0
DA:69,0
DA:70,0
DA:71,0
DA:72,0
DA:74,0
DA:75,0
DA:76,0
DA:77,0
DA:79,0
DA:80,0
DA:82,0
DA:86,0
DA:87,0
DA:89,0
DA:90,0
DA:92,0
DA:94,0
DA:95,0
DA:96,0
DA:98,0
DA:99,0
DA:104,0
DA:106,0
DA:107,0
DA:112,0
DA:113,0
DA:116,0
DA:117,0
DA:121,0
DA:122,0
DA:124,0
DA:125,0
DA:126,0
DA:128,0
DA:129,0
DA:131,0
DA:133,0
DA:134,0
DA:135,0
DA:136,0
DA:138,0
DA:146,0
DA:147,0
DA:151,0
DA:152,0
DA:153,0
DA:154,0
DA:156,0
DA:157,0
DA:158,0
DA:162,49
DA:163,0
DA:164,0
DA:166,0
DA:167,0
DA:168,0
DA:169,0
DA:170,0
DA:171,0
DA:173,0
DA:176,49
DA:190,0
DA:202,16
DA:213,0
DA:225,11
LF:102
LH:17
BRDA:49,0,0,0
BRDA:49,0,1,0
BRDA:52,1,0,0
BRDA:52,1,1,0
BRDA:56,2,0,0
BRDA:56,2,1,0
BRDA:61,3,0,0
BRDA:61,3,1,0
BRDA:67,4,0,0
BRDA:67,4,1,0
BRDA:69,5,0,0
BRDA:69,5,1,0
BRDA:74,6,0,0
BRDA:74,6,1,0
BRDA:98,7,0,0
BRDA:98,7,1,0
BRDA:104,8,0,0
BRDA:104,8,1,0
BRDA:118,9,0,0
BRDA:118,9,1,0
BRDA:131,10,0,0
BRDA:131,10,1,0
BRDA:141,11,0,0
BRDA:141,11,1,0
BRDA:141,12,0,0
BRDA:141,12,1,0
BRDA:142,13,0,0
BRDA:142,13,1,0
BRDA:142,14,0,0
BRDA:142,14,1,0
BRDA:147,15,0,0
BRDA:147,15,1,0
BRDA:163,16,0,0
BRDA:163,16,1,0
BRDA:164,17,0,0
BRDA:164,17,1,0
BRDA:180,18,0,49
BRDA:180,18,1,0
BRDA:184,19,0,49
BRDA:184,19,1,0
BRDA:207,20,0,49
BRDA:207,20,1,0
BRDA:232,21,0,0
BRDA:232,21,1,49
BRDA:233,22,0,0
BRDA:233,22,1,0
BRDA:236,23,0,49
BRDA:236,23,1,0
BRDA:242,24,0,49
BRDA:242,24,1,0
BRDA:250,25,0,49
BRDA:250,25,1,0
BRDA:253,26,0,49
BRDA:253,26,1,0
BRF:54
BRH:8
end_of_record
TN:
SF:src\Chatbot.js
FN:19,Chatbot
FN:25,(anonymous_1)
FN:30,(anonymous_2)
FN:54,(anonymous_3)
FN:91,(anonymous_4)
FN:109,(anonymous_5)
FN:118,(anonymous_6)
FN:123,(anonymous_7)
FN:132,(anonymous_8)
FN:149,(anonymous_9)
FN:165,(anonymous_10)
FN:166,(anonymous_11)
FNF:12
FNH:3
FNDA:14,Chatbot
FNDA:14,(anonymous_1)
FNDA:0,(anonymous_2)
FNDA:0,(anonymous_3)
FNDA:0,(anonymous_4)
FNDA:0,(anonymous_5)
FNDA:0,(anonymous_6)
FNDA:0,(anonymous_7)
FNDA:0,(anonymous_8)
FNDA:14,(anonymous_9)
FNDA:0,(anonymous_10)
FNDA:0,(anonymous_11)
DA:4,2
DA:17,2
DA:20,14
DA:21,14
DA:22,14
DA:23,14
DA:25,14
DA:26,14
DA:30,14
DA:31,0
DA:32,0
DA:33,0
DA:35,0
DA:36,0
DA:38,0
DA:39,0
DA:41,0
DA:42,0
DA:44,0
DA:45,0
DA:47,0
DA:48,0
DA:50,0
DA:54,14
DA:55,0
DA:56,0
DA:57,0
DA:60,0
DA:62,0
DA:66,0
DA:68,0
DA:74,0
DA:75,0
DA:77,0
DA:79,0
DA:80,0
DA:81,0
DA:83,0
DA:91,0
DA:92,0
DA:93,0
DA:94,0
DA:95,0
DA:96,0
DA:97,0
DA:98,0
DA:100,0
DA:101,0
DA:103,0
DA:104,0
DA:105,0
DA:109,14
DA:110,0
DA:111,0
DA:112,0
DA:115,0
DA:116,0
DA:118,0
DA:119,0
DA:120,0
DA:123,0
DA:124,0
DA:126,0
DA:128,0
DA:129,0
DA:132,0
DA:133,0
DA:134,0
DA:139,14
DA:150,14
DA:165,0
DA:166,0
LF:72
LH:13
BRDA:32,0,0,0
BRDA:32,0,1,0
BRDA:32,1,0,0
BRDA:32,1,1,0
BRDA:32,1,2,0
BRDA:35,2,0,0
BRDA:35,2,1,0
BRDA:38,3,0,0
BRDA:38,3,1,0
BRDA:41,4,0,0
BRDA:41,4,1,0
BRDA:44,5,0,0
BRDA:44,5,1,0
BRDA:47,6,0,0
BRDA:47,6,1,0
BRDA:47,7,0,0
BRDA:47,7,1,0
BRDA:83,8,0,0
BRDA:83,8,1,0
BRDA:84,9,0,0
BRDA:84,9,1,0
BRDA:84,9,2,0
BRDA:84,9,3,0
BRDA:84,9,4,0
BRDA:95,10,0,0
BRDA:95,10,1,0
BRDA:111,11,0,0
BRDA:111,11,1,0
BRDA:140,12,0,2
BRDA:140,12,1,12
BRDA:166,13,0,0
BRDA:166,13,1,0
BRF:32
BRH:2
end_of_record
TN:
SF:src\ResumeAnalyzer.js
FN:140,extractKeywords
FN:146,(anonymous_1)
FN:147,(anonymous_2)
FN:153,firstNonEmptyLine
FN:157,(anonymous_4)
FN:158,(anonymous_5)
FN:163,escapeHTML
FN:173,plainToHTML
FN:176,(anonymous_8)
FN:177,(anonymous_9)
FN:181,(anonymous_10)
FN:182,(anonymous_11)
FN:224,calculateATSScore
FN:235,(anonymous_13)
FN:249,(anonymous_14)
FN:255,(anonymous_15)
FN:266,(anonymous_16)
FN:281,ResumeAnalyzer
FN:296,(anonymous_18)
FN:326,(anonymous_19)
FN:333,(anonymous_20)
FN:346,(anonymous_21)
FN:373,(anonymous_22)
FN:383,(anonymous_23)
FN:413,(anonymous_24)
FN:435,(anonymous_25)
FN:450,(anonymous_26)
FN:451,(anonymous_27)
FN:456,(anonymous_28)
FN:457,(anonymous_29)
FN:464,(anonymous_30)
FN:465,(anonymous_31)
FN:469,(anonymous_32)
FN:478,(anonymous_33)
FN:553,(anonymous_34)
FN:560,(anonymous_35)
FN:571,(anonymous_36)
FN:576,(anonymous_37)
FN:586,(anonymous_38)
FN:597,(anonymous_39)
FN:612,(anonymous_40)
FN:617,(anonymous_41)
FN:653,(anonymous_42)
FN:666,(anonymous_43)
FN:773,(anonymous_44)
FN:784,(anonymous_45)
FNF:46
FNH:13
FNDA:0,extractKeywords
FNDA:0,(anonymous_1)
FNDA:0,(anonymous_2)
FNDA:23,firstNonEmptyLine
FNDA:23,(anonymous_4)
FNDA:23,(anonymous_5)
FNDA:0,escapeHTML
FNDA:23,plainToHTML
FNDA:23,(anonymous_8)
FNDA:23,(anonymous_9)
FNDA:0,(anonymous_10)
FNDA:0,(anonymous_11)
FNDA:0,calculateATSScore
FNDA:0,(anonymous_13)
FNDA:0,(anonymous_14)
FNDA:0,(anonymous_15)
FNDA:0,(anonymous_16)
FNDA:23,ResumeAnalyzer
FNDA:0,(anonymous_18)
FNDA:0,(anonymous_19)
FNDA:23,(anonymous_20)
FNDA:23,(anonymous_21)
FNDA:23,(anonymous_22)
FNDA:0,(anonymous_23)
FNDA:0,(anonymous_24)
FNDA:23,(anonymous_25)
FNDA:23,(anonymous_26)
FNDA:23,(anonymous_27)
FNDA:0,(anonymous_28)
FNDA:0,(anonymous_29)
FNDA:0,(anonymous_30)
FNDA:0,(anonymous_31)
FNDA:0,(anonymous_32)
FNDA:0,(anonymous_33)
FNDA:0,(anonymous_34)
FNDA:0,(anonymous_35)
FNDA:0,(anonymous_36)
FNDA:0,(anonymous_37)
FNDA:0,(anonymous_38)
FNDA:0,(anonymous_39)
FNDA:0,(anonymous_40)
FNDA:0,(anonymous_41)
FNDA:0,(anonymous_42)
FNDA:0,(anonymous_43)
FNDA:0,(anonymous_44)
FNDA:0,(anonymous_45)
DA:14,2
DA:17,2
DA:20,2
DA:42,2
DA:124,2
DA:141,0
DA:146,0
DA:147,0
DA:154,23
DA:157,23
DA:158,23
DA:164,0
DA:174,23
DA:176,23
DA:177,23
DA:178,23
DA:179,23
DA:181,23
DA:182,0
DA:183,0
DA:185,0
DA:186,0
DA:187,0
DA:194,0
DA:196,0
DA:197,0
DA:198,0
DA:200,0
DA:201,0
DA:202,0
DA:203,0
DA:204,0
DA:206,0
DA:207,0
DA:209,0
DA:210,0
DA:212,0
DA:213,0
DA:217,23
DA:218,0
DA:220,23
DA:225,0
DA:226,0
DA:227,0
DA:230,0
DA:231,0
DA:232,0
DA:235,0
DA:236,0
DA:237,0
DA:238,0
DA:239,0
DA:240,0
DA:244,0
DA:245,0
DA:248,0
DA:249,0
DA:250,0
DA:251,0
DA:254,0
DA:255,0
DA:256,0
DA:257,0
DA:258,0
DA:261,0
DA:262,0
DA:265,0
DA:266,0
DA:268,0
DA:282,23
DA:283,23
DA:284,23
DA:285,23
DA:286,23
DA:287,23
DA:288,23
DA:289,23
DA:291,23
DA:292,23
DA:295,23
DA:298,0
DA:299,0
DA:300,0
DA:303,0
DA:304,0
DA:305,0
DA:306,0
DA:309,0
DA:310,0
DA:313,0
DA:316,0
DA:319,0
DA:320,0
DA:321,0
DA:322,0
DA:325,0
DA:326,0
DA:327,0
DA:333,23
DA:334,23
DA:335,23
DA:336,23
DA:337,23
DA:339,0
DA:340,0
DA:341,0
DA:342,0
DA:346,23
DA:347,23
DA:348,23
DA:349,23
DA:352,0
DA:353,0
DA:354,0
DA:355,0
DA:357,0
DA:358,0
DA:360,0
DA:373,23
DA:374,23
DA:375,23
DA:377,0
DA:378,0
DA:381,0
DA:382,0
DA:383,0
DA:386,0
DA:392,0
DA:393,0
DA:394,0
DA:397,0
DA:398,0
DA:401,0
DA:402,0
DA:406,0
DA:412,0
DA:413,0
DA:415,0
DA:417,0
DA:421,0
DA:427,0
DA:431,0
DA:435,23
DA:436,23
DA:437,23
DA:439,0
DA:441,0
DA:442,0
DA:444,0
DA:445,0
DA:447,0
DA:450,23
DA:451,23
DA:453,23
DA:456,23
DA:457,0
DA:458,0
DA:459,0
DA:462,0
DA:463,0
DA:464,0
DA:465,0
DA:466,0
DA:467,0
DA:469,0
DA:470,0
DA:471,0
DA:473,0
DA:478,23
DA:479,0
DA:480,0
DA:483,0
DA:484,0
DA:485,0
DA:487,0
DA:488,0
DA:491,0
DA:492,0
DA:493,0
DA:496,0
DA:497,0
DA:500,0
DA:507,0
DA:510,0
DA:511,0
DA:512,0
DA:513,0
DA:516,0
DA:517,0
DA:518,0
DA:519,0
DA:520,0
DA:522,0
DA:523,0
DA:524,0
DA:527,0
DA:530,0
DA:532,0
DA:533,0
DA:537,0
DA:538,0
DA:539,0
DA:544,23
DA:554,0
DA:555,0
DA:556,0
DA:557,0
DA:561,0
DA:562,0
DA:571,0
DA:576,0
DA:586,0
DA:597,0
DA:613,0
DA:617,0
DA:654,0
DA:666,0
DA:773,0
DA:784,0
LF:219
LH:48
BRDA:147,0,0,0
BRDA:147,0,1,0
BRDA:155,1,0,23
BRDA:155,1,1,23
BRDA:155,2,0,23
BRDA:155,2,1,23
BRDA:174,3,0,23
BRDA:174,3,1,23
BRDA:186,4,0,0
BRDA:186,4,1,0
BRDA:196,5,0,0
BRDA:196,5,1,0
BRDA:197,6,0,0
BRDA:197,6,1,0
BRDA:202,7,0,0
BRDA:202,7,1,0
BRDA:203,8,0,0
BRDA:203,8,1,0
BRDA:209,9,0,0
BRDA:209,9,1,0
BRDA:217,10,0,0
BRDA:217,10,1,23
BRDA:237,11,0,0
BRDA:237,11,1,0
BRDA:239,12,0,0
BRDA:239,12,1,0
BRDA:250,13,0,0
BRDA:250,13,1,0
BRDA:258,14,0,0
BRDA:258,14,1,0
BRDA:299,15,0,0
BRDA:299,15,1,0
BRDA:303,16,0,0
BRDA:303,16,1,0
BRDA:309,17,0,0
BRDA:309,17,1,0
BRDA:319,18,0,0
BRDA:319,18,1,0
BRDA:326,19,0,0
BRDA:326,19,1,0
BRDA:334,20,0,23
BRDA:334,20,1,0
BRDA:347,21,0,23
BRDA:347,21,1,0
BRDA:357,22,0,0
BRDA:357,22,1,0
BRDA:358,23,0,0
BRDA:358,23,1,0
BRDA:374,24,0,23
BRDA:374,24,1,0
BRDA:381,25,0,0
BRDA:381,25,1,0
BRDA:392,26,0,0
BRDA:392,26,1,0
BRDA:393,27,0,0
BRDA:393,27,1,0
BRDA:397,28,0,0
BRDA:397,28,1,0
BRDA:401,29,0,0
BRDA:401,29,1,0
BRDA:412,30,0,0
BRDA:412,30,1,0
BRDA:413,31,0,0
BRDA:413,31,1,0
BRDA:415,32,0,0
BRDA:415,32,1,0
BRDA:436,33,0,23
BRDA:436,33,1,0
BRDA:441,34,0,0
BRDA:441,34,1,0
BRDA:444,35,0,0
BRDA:444,35,1,0
BRDA:453,36,0,23
BRDA:453,36,1,0
BRDA:458,37,0,0
BRDA:458,37,1,0
BRDA:458,38,0,0
BRDA:458,38,1,0
BRDA:479,39,0,0
BRDA:479,39,1,0
BRDA:491,40,0,0
BRDA:491,40,1,0
BRDA:492,41,0,0
BRDA:492,41,1,0
BRDA:519,42,0,0
BRDA:519,42,1,0
BRDA:538,43,0,0
BRDA:538,43,1,0
BRDA:556,44,0,0
BRDA:556,44,1,0
BRDA:580,45,0,23
BRDA:580,45,1,0
BRDA:606,46,0,23
BRDA:606,46,1,0
BRDA:616,47,0,0
BRDA:616,47,1,0
BRDA:630,48,0,0
BRDA:630,48,1,0
BRDA:640,49,0,0
BRDA:640,49,1,0
BRDA:642,50,0,0
BRDA:642,50,1,0
BRDA:658,51,0,0
BRDA:658,51,1,0
BRDA:658,51,2,0
BRDA:676,52,0,0
BRDA:676,52,1,0
BRDA:688,53,0,0
BRDA:688,53,1,0
BRDA:693,54,0,0
BRDA:693,54,1,0
BRDA:696,55,0,0
BRDA:696,55,1,0
BRDA:699,56,0,0
BRDA:699,56,1,0
BRDA:702,57,0,0
BRDA:702,57,1,0
BRDA:705,58,0,0
BRDA:705,58,1,0
BRDA:708,59,0,0
BRDA:708,59,1,0
BRDA:715,60,0,0
BRDA:715,60,1,0
BRDA:715,60,2,0
BRDA:718,61,0,0
BRDA:718,61,1,0
BRDA:723,62,0,0
BRDA:723,62,1,0
BRDA:726,63,0,0
BRDA:726,63,1,0
BRDA:729,64,0,0
BRDA:729,64,1,0
BRDA:732,65,0,0
BRDA:732,65,1,0
BRDA:735,66,0,0
BRDA:735,66,1,0
BRDA:738,67,0,0
BRDA:738,67,1,0
BRDA:741,68,0,0
BRDA:741,68,1,0
BRDA:772,69,0,0
BRDA:772,69,1,23
BRDA:774,70,0,0
BRDA:774,70,1,23
BRDA:776,71,0,0
BRDA:776,71,1,23
BRDA:780,72,0,0
BRDA:780,72,1,23
BRF:148
BRH:18
end_of_record
TN:
SF:src\ResumeStore.js
FN:15,(anonymous_0)
FN:21,(anonymous_1)
FN:28,(anonymous_2)
FN:32,(anonymous_3)
FN:51,(anonymous_4)
FN:75,(anonymous_5)
FN:92,(anonymous_6)
FNF:7
FNH:0
FNDA:0,(anonymous_0)
FNDA:0,(anonymous_1)
FNDA:0,(anonymous_2)
FNDA:0,(anonymous_3)
FNDA:0,(anonymous_4)
FNDA:0,(anonymous_5)
FNDA:0,(anonymous_6)
DA:9,0
DA:10,0
DA:15,0
DA:16,0
DA:18,0
DA:19,0
DA:20,0
DA:21,0
DA:24,0
DA:28,0
DA:29,0
DA:30,0
DA:32,0
DA:33,0
DA:34,0
DA:36,0
DA:38,0
DA:39,0
DA:51,0
DA:52,0
DA:54,0
DA:57,0
DA:64,0
DA:65,0
DA:66,0
DA:67,0
DA:75,0
DA:76,0
DA:77,0
DA:78,0
DA:79,0
DA:80,0
DA:81,0
DA:82,0
DA:83,0
DA:85,0
DA:92,0
DA:93,0
DA:94,0
DA:95,0
LF:40
LH:0
BRDA:51,0,0,0
BRDA:52,1,0,0
BRDA:52,1,1,0
BRDA:52,2,0,0
BRDA:52,2,1,0
BRDA:77,3,0,0
BRDA:77,3,1,0
BRDA:79,4,0,0
BRDA:79,4,1,0
BRDA:79,5,0,0
BRDA:79,5,1,0
BRDA:80,6,0,0
BRDA:80,6,1,0
BRF:13
BRH:0
end_of_record
TN:
SF:src\setupTests.js
FN:13,(anonymous_0)
FN:16,(anonymous_1)
FNF:2
FNH:0
FNDA:0,(anonymous_0)
FNDA:0,(anonymous_1)
DA:4,0
DA:10,0
DA:13,0
DA:14,0
DA:16,0
LF:5
LH:0
BRF:0
BRH:0
end_of_record
TN:
SF:src\utils\resumeParser.js
FNF:0
FNH:0
LF:0
LH:0
BRF:0
BRH:0
end_of_record
